Detected athlon_xp CPU, overriding to x86-64
Successfully integrated 0 package dependencies
install
+- install cursed-complete
   +- zig build-exe cursed-complete Debug x86_64-linux failure
error: warning: unable to open library directory '/usr/local/lib/llvm-18/lib': FileNotFound
warning: unable to open library directory '/usr/lib/llvm/lib': FileNotFound

install
+- install cursed-syscall
   +- zig build-exe cursed-syscall Debug x86_64-linux failure
error: warning: unable to open library directory '/usr/local/lib/llvm-18/lib': FileNotFound
warning: unable to open library directory '/usr/lib/llvm/lib': FileNotFound

install
+- install cursed-simple-llvm-test
   +- zig build-exe cursed-simple-llvm-test Debug x86_64-linux failure
error: warning: unable to open library directory '/usr/local/lib/llvm-18/lib': FileNotFound
warning: unable to open library directory '/usr/lib/llvm/lib': FileNotFound

install
+- install cursed-llvm-test
   +- zig build-exe cursed-llvm-test Debug x86_64-linux failure
error: warning: unable to open library directory '/usr/local/lib/llvm-18/lib': FileNotFound
warning: unable to open library directory '/usr/lib/llvm/lib': FileNotFound

install
+- install cursed
   +- zig build-exe cursed Debug x86_64-linux failure
error: warning: unable to open library directory '/usr/local/lib/llvm-18/lib': FileNotFound
warning: unable to open library directory '/usr/lib/llvm/lib': FileNotFound

