install
+- install cursed-platform-test
   +- zig build-exe cursed-platform-test Debug aarch64-linux 1 errors
src-zig/platform_test.zig:10:14: error: expected 2 argument(s), found 1
/opt/zig/lib/std/debug.zig:84:5: note: function declared here
error: the following command failed with 1 compilation errors:
/opt/zig/zig build-exe -ODebug -target aarch64-linux -mcpu baseline -Mroot=/home/ghuntley/cursed/src-zig/platform_test.zig -lc --cache-dir /home/ghuntley/cursed/zig-cache --global-cache-dir /home/ghuntley/.cache/zig --name cursed-platform-test --listen=- 
install
+- install cursed-concurrency-test
   +- zig build-exe cursed-concurrency-test Debug aarch64-linux 3 errors
src-zig/gc.zig:306:62: error: no field or member function named 'DefaultContext' in 'fn (comptime type, comptime type, comptime type, comptime u64) type'
src-zig/gc.zig:711:46: error: expected optional type, found '*gc.ObjectHeader'
/opt/zig/lib/std/os/linux.zig:1884:90: error: unable to evaluate comptime expression
/opt/zig/lib/std/os/linux.zig:1884:102: note: operation is runtime due to this operand
/opt/zig/lib/std/posix.zig:5608:43: note: called from here
/opt/zig/lib/std/Thread.zig:1058:52: note: called from here
/opt/zig/lib/std/Thread.zig:288:28: note: called from here
src-zig/gc.zig:118:53: note: called from here
error: the following command failed with 3 compilation errors:
/opt/zig/zig build-exe -ODebug -target aarch64-linux -mcpu baseline -Mroot=/home/ghuntley/cursed/src-zig/concurrency_test.zig --cache-dir /home/ghuntley/cursed/zig-cache --global-cache-dir /home/ghuntley/.cache/zig --name cursed-concurrency-test --listen=- 
install
+- install cursed-concurrency-benchmark
   +- zig build-exe cursed-concurrency-benchmark Debug aarch64-linux 3 errors
src-zig/gc.zig:306:62: error: no field or member function named 'DefaultContext' in 'fn (comptime type, comptime type, comptime type, comptime u64) type'
src-zig/gc.zig:711:46: error: expected optional type, found '*gc.ObjectHeader'
/opt/zig/lib/std/os/linux.zig:1884:90: error: unable to evaluate comptime expression
/opt/zig/lib/std/os/linux.zig:1884:102: note: operation is runtime due to this operand
/opt/zig/lib/std/posix.zig:5608:43: note: called from here
/opt/zig/lib/std/Thread.zig:1058:52: note: called from here
/opt/zig/lib/std/Thread.zig:288:28: note: called from here
src-zig/gc.zig:118:53: note: called from here
error: the following command failed with 3 compilation errors:
/opt/zig/zig build-exe -ODebug -target aarch64-linux -mcpu baseline -Mroot=/home/ghuntley/cursed/src-zig/concurrency_benchmark.zig --cache-dir /home/ghuntley/cursed/zig-cache --global-cache-dir /home/ghuntley/.cache/zig --name cursed-concurrency-benchmark --listen=- 
Build Summary: 12/19 steps succeeded; 3 failed (disable with --summary none)
install transitive failure
+- install cursed-concurrency-benchmark transitive failure
|  +- zig build-exe cursed-concurrency-benchmark Debug aarch64-linux 3 errors
+- install cursed-concurrency-test transitive failure
|  +- zig build-exe cursed-concurrency-test Debug aarch64-linux 3 errors
+- install cursed-platform-test transitive failure
   +- zig build-exe cursed-platform-test Debug aarch64-linux 1 errors
error: the following build command failed with exit code 1:
/home/ghuntley/cursed/zig-cache/o/d7d57ac5a30d3c52b25fff2bced6e397/build /opt/zig/zig /home/ghuntley/cursed /home/ghuntley/cursed/zig-cache /home/ghuntley/.cache/zig --seed 0x83cf43f1 -Z4b73153ca4bb7cf0 -Dtarget=aarch64-linux
