desc: --pages-as-heap=yes --massif-out-file=zig_memory.out
cmd: ./zig-out/bin/cursed-zig simple_struct_test.csd
time_unit: i
#-----------
snapshot=0
#-----------
time=0
mem_heap_B=270336
mem_heap_extra_B=0
mem_stacks_B=0
heap_tree=empty
#-----------
snapshot=1
#-----------
time=0
mem_heap_B=1236992
mem_heap_extra_B=0
mem_stacks_B=0
heap_tree=empty
#-----------
snapshot=2
#-----------
time=0
mem_heap_B=1253376
mem_heap_extra_B=0
mem_stacks_B=0
heap_tree=empty
#-----------
snapshot=3
#-----------
time=0
mem_heap_B=1257472
mem_heap_extra_B=0
mem_stacks_B=0
heap_tree=empty
#-----------
snapshot=4
#-----------
time=0
mem_heap_B=1265664
mem_heap_extra_B=0
mem_stacks_B=0
heap_tree=empty
#-----------
snapshot=5
#-----------
time=0
mem_heap_B=1269760
mem_heap_extra_B=0
mem_stacks_B=0
heap_tree=empty
#-----------
snapshot=6
#-----------
time=0
mem_heap_B=1441792
mem_heap_extra_B=0
mem_stacks_B=0
heap_tree=empty
#-----------
snapshot=7
#-----------
time=0
mem_heap_B=1486848
mem_heap_extra_B=0
mem_stacks_B=0
heap_tree=empty
#-----------
snapshot=8
#-----------
time=0
mem_heap_B=1503232
mem_heap_extra_B=0
mem_stacks_B=0
heap_tree=empty
#-----------
snapshot=9
#-----------
time=0
mem_heap_B=1507328
mem_heap_extra_B=0
mem_stacks_B=0
heap_tree=detailed
n1: 1507328 (page allocation syscalls) mmap/mremap/brk, --alloc-fns, etc.
 n0: 1507328 0x0: ???
#-----------
snapshot=10
#-----------
time=0
mem_heap_B=1511424
mem_heap_extra_B=0
mem_stacks_B=0
heap_tree=empty
#-----------
snapshot=11
#-----------
time=0
mem_heap_B=1589248
mem_heap_extra_B=0
mem_stacks_B=0
heap_tree=empty
#-----------
snapshot=12
#-----------
time=0
mem_heap_B=1593344
mem_heap_extra_B=0
mem_stacks_B=0
heap_tree=empty
#-----------
snapshot=13
#-----------
time=0
mem_heap_B=1597440
mem_heap_extra_B=0
mem_stacks_B=0
heap_tree=empty
#-----------
snapshot=14
#-----------
time=0
mem_heap_B=1597440
mem_heap_extra_B=0
mem_stacks_B=0
heap_tree=detailed
n2: 1597440 (page allocation syscalls) mmap/mremap/brk, --alloc-fns, etc.
 n0: 1593344 0x0: ???
 n0: 4096 in 1 place, below massif's threshold (1.00%)
#-----------
snapshot=15
#-----------
time=0
mem_heap_B=1593344
mem_heap_extra_B=0
mem_stacks_B=0
heap_tree=empty
#-----------
snapshot=16
#-----------
time=0
mem_heap_B=1593344
mem_heap_extra_B=0
mem_stacks_B=0
heap_tree=empty
#-----------
snapshot=17
#-----------
time=90181
mem_heap_B=1601536
mem_heap_extra_B=0
mem_stacks_B=0
heap_tree=empty
#-----------
snapshot=18
#-----------
time=95490
mem_heap_B=1622016
mem_heap_extra_B=0
mem_stacks_B=0
heap_tree=empty
#-----------
snapshot=19
#-----------
time=95572
mem_heap_B=1626112
mem_heap_extra_B=0
mem_stacks_B=0
heap_tree=empty
#-----------
snapshot=20
#-----------
time=95624
mem_heap_B=1630208
mem_heap_extra_B=0
mem_stacks_B=0
heap_tree=empty
#-----------
snapshot=21
#-----------
time=95676
mem_heap_B=1638400
mem_heap_extra_B=0
mem_stacks_B=0
heap_tree=empty
#-----------
snapshot=22
#-----------
time=103245
mem_heap_B=3764224
mem_heap_extra_B=0
mem_stacks_B=0
heap_tree=empty
#-----------
snapshot=23
#-----------
time=103309
mem_heap_B=5296128
mem_heap_extra_B=0
mem_stacks_B=0
heap_tree=empty
#-----------
snapshot=24
#-----------
time=103361
mem_heap_B=5648384
mem_heap_extra_B=0
mem_stacks_B=0
heap_tree=detailed
n3: 5648384 (page allocation syscalls) mmap/mremap/brk, --alloc-fns, etc.
 n3: 4055040 0x4024DB6: mmap (in /nix/store/vbrdc5wgzn0w1zdp10xd2favkjn5fk7y-glibc-2.40-66/lib/ld-linux-x86-64.so.2)
  n1: 2146304 0x4006C4B: _dl_map_object_from_fd (in /nix/store/vbrdc5wgzn0w1zdp10xd2favkjn5fk7y-glibc-2.40-66/lib/ld-linux-x86-64.so.2)
   n2: 2146304 0x4008276: _dl_map_object (in /nix/store/vbrdc5wgzn0w1zdp10xd2favkjn5fk7y-glibc-2.40-66/lib/ld-linux-x86-64.so.2)
    n1: 2125824 0x40028F4: openaux (in /nix/store/vbrdc5wgzn0w1zdp10xd2favkjn5fk7y-glibc-2.40-66/lib/ld-linux-x86-64.so.2)
     n1: 2125824 0x40014F0: _dl_catch_exception (in /nix/store/vbrdc5wgzn0w1zdp10xd2favkjn5fk7y-glibc-2.40-66/lib/ld-linux-x86-64.so.2)
      n1: 2125824 0x4002D84: _dl_map_object_deps (in /nix/store/vbrdc5wgzn0w1zdp10xd2favkjn5fk7y-glibc-2.40-66/lib/ld-linux-x86-64.so.2)
       n1: 2125824 0x4020748: dl_main (in /nix/store/vbrdc5wgzn0w1zdp10xd2favkjn5fk7y-glibc-2.40-66/lib/ld-linux-x86-64.so.2)
        n1: 2125824 0x401D122: _dl_sysdep_start (in /nix/store/vbrdc5wgzn0w1zdp10xd2favkjn5fk7y-glibc-2.40-66/lib/ld-linux-x86-64.so.2)
         n1: 2125824 0x401EB21: _dl_start (in /nix/store/vbrdc5wgzn0w1zdp10xd2favkjn5fk7y-glibc-2.40-66/lib/ld-linux-x86-64.so.2)
          n1: 2125824 0x401D787: ??? (in /nix/store/vbrdc5wgzn0w1zdp10xd2favkjn5fk7y-glibc-2.40-66/lib/ld-linux-x86-64.so.2)
           n1: 2125824 0x1: ???
            n1: 2125824 0x1FFEFF018A: ???
             n0: 2125824 0x1FFEFF01A3: ???
    n0: 20480 in 1 place, below massif's threshold (1.00%)
  n1: 1900544 0x4006DBA: _dl_map_object_from_fd (in /nix/store/vbrdc5wgzn0w1zdp10xd2favkjn5fk7y-glibc-2.40-66/lib/ld-linux-x86-64.so.2)
   n2: 1900544 0x4008276: _dl_map_object (in /nix/store/vbrdc5wgzn0w1zdp10xd2favkjn5fk7y-glibc-2.40-66/lib/ld-linux-x86-64.so.2)
    n1: 1884160 0x40028F4: openaux (in /nix/store/vbrdc5wgzn0w1zdp10xd2favkjn5fk7y-glibc-2.40-66/lib/ld-linux-x86-64.so.2)
     n1: 1884160 0x40014F0: _dl_catch_exception (in /nix/store/vbrdc5wgzn0w1zdp10xd2favkjn5fk7y-glibc-2.40-66/lib/ld-linux-x86-64.so.2)
      n1: 1884160 0x4002D84: _dl_map_object_deps (in /nix/store/vbrdc5wgzn0w1zdp10xd2favkjn5fk7y-glibc-2.40-66/lib/ld-linux-x86-64.so.2)
       n1: 1884160 0x4020748: dl_main (in /nix/store/vbrdc5wgzn0w1zdp10xd2favkjn5fk7y-glibc-2.40-66/lib/ld-linux-x86-64.so.2)
        n1: 1884160 0x401D122: _dl_sysdep_start (in /nix/store/vbrdc5wgzn0w1zdp10xd2favkjn5fk7y-glibc-2.40-66/lib/ld-linux-x86-64.so.2)
         n1: 1884160 0x401EB21: _dl_start (in /nix/store/vbrdc5wgzn0w1zdp10xd2favkjn5fk7y-glibc-2.40-66/lib/ld-linux-x86-64.so.2)
          n1: 1884160 0x401D787: ??? (in /nix/store/vbrdc5wgzn0w1zdp10xd2favkjn5fk7y-glibc-2.40-66/lib/ld-linux-x86-64.so.2)
           n1: 1884160 0x1: ???
            n1: 1884160 0x1FFEFF018A: ???
             n0: 1884160 0x1FFEFF01A3: ???
    n0: 16384 in 1 place, below massif's threshold (1.00%)
  n0: 8192 in 1 place, below massif's threshold (1.00%)
 n0: 1593344 0x0: ???
 n0: 0 in 1 place, below massif's threshold (1.00%)
#-----------
snapshot=25
#-----------
time=103413
mem_heap_B=5672960
mem_heap_extra_B=0
mem_stacks_B=0
heap_tree=empty
#-----------
snapshot=26
#-----------
time=103755
mem_heap_B=5726208
mem_heap_extra_B=0
mem_stacks_B=0
heap_tree=empty
#-----------
snapshot=27
#-----------
time=113146
mem_heap_B=5738496
mem_heap_extra_B=0
mem_stacks_B=0
heap_tree=empty
#-----------
snapshot=28
#-----------
time=222452
mem_heap_B=5996544
mem_heap_extra_B=0
mem_stacks_B=0
heap_tree=empty
#-----------
snapshot=29
#-----------
time=222791
mem_heap_B=5996544
mem_heap_extra_B=0
mem_stacks_B=0
heap_tree=detailed
n4: 5996544 (page allocation syscalls) mmap/mremap/brk, --alloc-fns, etc.
 n3: 4145152 0x4024DB6: mmap (in /nix/store/vbrdc5wgzn0w1zdp10xd2favkjn5fk7y-glibc-2.40-66/lib/ld-linux-x86-64.so.2)
  n1: 2146304 0x4006C4B: _dl_map_object_from_fd (in /nix/store/vbrdc5wgzn0w1zdp10xd2favkjn5fk7y-glibc-2.40-66/lib/ld-linux-x86-64.so.2)
   n2: 2146304 0x4008276: _dl_map_object (in /nix/store/vbrdc5wgzn0w1zdp10xd2favkjn5fk7y-glibc-2.40-66/lib/ld-linux-x86-64.so.2)
    n1: 2125824 0x40028F4: openaux (in /nix/store/vbrdc5wgzn0w1zdp10xd2favkjn5fk7y-glibc-2.40-66/lib/ld-linux-x86-64.so.2)
     n1: 2125824 0x40014F0: _dl_catch_exception (in /nix/store/vbrdc5wgzn0w1zdp10xd2favkjn5fk7y-glibc-2.40-66/lib/ld-linux-x86-64.so.2)
      n1: 2125824 0x4002D84: _dl_map_object_deps (in /nix/store/vbrdc5wgzn0w1zdp10xd2favkjn5fk7y-glibc-2.40-66/lib/ld-linux-x86-64.so.2)
       n1: 2125824 0x4020748: dl_main (in /nix/store/vbrdc5wgzn0w1zdp10xd2favkjn5fk7y-glibc-2.40-66/lib/ld-linux-x86-64.so.2)
        n1: 2125824 0x401D122: _dl_sysdep_start (in /nix/store/vbrdc5wgzn0w1zdp10xd2favkjn5fk7y-glibc-2.40-66/lib/ld-linux-x86-64.so.2)
         n1: 2125824 0x401EB21: _dl_start (in /nix/store/vbrdc5wgzn0w1zdp10xd2favkjn5fk7y-glibc-2.40-66/lib/ld-linux-x86-64.so.2)
          n1: 2125824 0x401D787: ??? (in /nix/store/vbrdc5wgzn0w1zdp10xd2favkjn5fk7y-glibc-2.40-66/lib/ld-linux-x86-64.so.2)
           n1: 2125824 0x1: ???
            n1: 2125824 0x1FFEFF018A: ???
             n0: 2125824 0x1FFEFF01A3: ???
    n0: 20480 in 1 place, below massif's threshold (1.00%)
  n1: 1925120 0x4006DBA: _dl_map_object_from_fd (in /nix/store/vbrdc5wgzn0w1zdp10xd2favkjn5fk7y-glibc-2.40-66/lib/ld-linux-x86-64.so.2)
   n2: 1925120 0x4008276: _dl_map_object (in /nix/store/vbrdc5wgzn0w1zdp10xd2favkjn5fk7y-glibc-2.40-66/lib/ld-linux-x86-64.so.2)
    n1: 1908736 0x40028F4: openaux (in /nix/store/vbrdc5wgzn0w1zdp10xd2favkjn5fk7y-glibc-2.40-66/lib/ld-linux-x86-64.so.2)
     n1: 1908736 0x40014F0: _dl_catch_exception (in /nix/store/vbrdc5wgzn0w1zdp10xd2favkjn5fk7y-glibc-2.40-66/lib/ld-linux-x86-64.so.2)
      n1: 1908736 0x4002D84: _dl_map_object_deps (in /nix/store/vbrdc5wgzn0w1zdp10xd2favkjn5fk7y-glibc-2.40-66/lib/ld-linux-x86-64.so.2)
       n1: 1908736 0x4020748: dl_main (in /nix/store/vbrdc5wgzn0w1zdp10xd2favkjn5fk7y-glibc-2.40-66/lib/ld-linux-x86-64.so.2)
        n1: 1908736 0x401D122: _dl_sysdep_start (in /nix/store/vbrdc5wgzn0w1zdp10xd2favkjn5fk7y-glibc-2.40-66/lib/ld-linux-x86-64.so.2)
         n1: 1908736 0x401EB21: _dl_start (in /nix/store/vbrdc5wgzn0w1zdp10xd2favkjn5fk7y-glibc-2.40-66/lib/ld-linux-x86-64.so.2)
          n1: 1908736 0x401D787: ??? (in /nix/store/vbrdc5wgzn0w1zdp10xd2favkjn5fk7y-glibc-2.40-66/lib/ld-linux-x86-64.so.2)
           n1: 1908736 0x1: ???
            n1: 1908736 0x1FFEFF018A: ???
             n0: 1908736 0x1FFEFF01A3: ???
    n0: 16384 in 1 place, below massif's threshold (1.00%)
  n0: 73728 in 2 places, all below massif's threshold (1.00%)
 n0: 1593344 0x0: ???
 n1: 258048 0x4958886: mmap (in /nix/store/vbrdc5wgzn0w1zdp10xd2favkjn5fk7y-glibc-2.40-66/lib/libc.so.6)
  n1: 258048 0x1054DD3: posix.mmap (posix.zig:4776)
   n1: 258048 0x110C29C: heap.PageAllocator.map (PageAllocator.zig:79)
    n1: 258048 0x110C0E7: heap.PageAllocator.alloc (PageAllocator.zig:104)
     n1: 258048 0x10F8EFD: rawAlloc (Allocator.zig:129)
      n1: 258048 0x10F8EFD: heap.debug_allocator.DebugAllocator(.{ .stack_trace_frames = 6, .enable_memory_limit = false, .safety = true, .thread_safe = true, .MutexType = null, .never_unmap = false, .retain_metadata = false, .verbose_log = false, .backing_allocator_zeroes = true, .resize_stack_traces = false, .canary = 10534666094765928719, .page_size = 131072 }).alloc (debug_allocator.zig:778)
       n1: 258048 0x109351A: rawAlloc (Allocator.zig:129)
        n1: 258048 0x109351A: mem.Allocator.allocBytesWithAlignment__anon_13910 (Allocator.zig:269)
         n1: 258048 0x1083772: mem.Allocator.allocWithSizeAndAlignment__anon_11209 (Allocator.zig:260)
          n1: 258048 0x10FC008: allocAdvancedWithRetAddr (Allocator.zig:254)
           n1: 258048 0x10FC008: mem.Allocator.alignedAlloc__anon_24530 (Allocator.zig:242)
            n1: 258048 0x10FB79E: array_list.ArrayListAligned(u8,null).ensureTotalCapacityPrecise (array_list.zig:474)
             n1: 258048 0x10FB9ED: array_list.ArrayListAligned(u8,null).ensureTotalCapacity (array_list.zig:450)
              n1: 258048 0x10FA88A: array_list.ArrayListAligned(u8,null).ensureUnusedCapacity (array_list.zig:485)
               n1: 258048 0x10EFE12: array_list.ArrayListAligned(u8,null).appendSlice (array_list.zig:303)
                n1: 258048 0x10EF210: process.argsAlloc (process.zig:1249)
                 n1: 258048 0x10F67A0: main_simple.main (main_simple.zig:12)
                  n1: 258048 0x10F83C7: callMain (start.zig:656)
                   n1: 258048 0x10F83C7: callMainWithArgs (start.zig:616)
                    n0: 258048 0x10F83C7: main (start.zig:631)
 n0: 0 in 1 place, below massif's threshold (1.00%)
#-----------
snapshot=30
#-----------
time=222791
mem_heap_B=5992448
mem_heap_extra_B=0
mem_stacks_B=0
heap_tree=empty
#-----------
snapshot=31
#-----------
time=222886
mem_heap_B=5906432
mem_heap_extra_B=0
mem_stacks_B=0
heap_tree=empty
#-----------
snapshot=32
#-----------
time=299350
mem_heap_B=6127616
mem_heap_extra_B=0
mem_stacks_B=0
heap_tree=empty
#-----------
snapshot=33
#-----------
time=299713
mem_heap_B=6127616
mem_heap_extra_B=0
mem_stacks_B=0
heap_tree=detailed
n4: 6127616 (page allocation syscalls) mmap/mremap/brk, --alloc-fns, etc.
 n3: 4145152 0x4024DB6: mmap (in /nix/store/vbrdc5wgzn0w1zdp10xd2favkjn5fk7y-glibc-2.40-66/lib/ld-linux-x86-64.so.2)
  n1: 2146304 0x4006C4B: _dl_map_object_from_fd (in /nix/store/vbrdc5wgzn0w1zdp10xd2favkjn5fk7y-glibc-2.40-66/lib/ld-linux-x86-64.so.2)
   n2: 2146304 0x4008276: _dl_map_object (in /nix/store/vbrdc5wgzn0w1zdp10xd2favkjn5fk7y-glibc-2.40-66/lib/ld-linux-x86-64.so.2)
    n1: 2125824 0x40028F4: openaux (in /nix/store/vbrdc5wgzn0w1zdp10xd2favkjn5fk7y-glibc-2.40-66/lib/ld-linux-x86-64.so.2)
     n1: 2125824 0x40014F0: _dl_catch_exception (in /nix/store/vbrdc5wgzn0w1zdp10xd2favkjn5fk7y-glibc-2.40-66/lib/ld-linux-x86-64.so.2)
      n1: 2125824 0x4002D84: _dl_map_object_deps (in /nix/store/vbrdc5wgzn0w1zdp10xd2favkjn5fk7y-glibc-2.40-66/lib/ld-linux-x86-64.so.2)
       n1: 2125824 0x4020748: dl_main (in /nix/store/vbrdc5wgzn0w1zdp10xd2favkjn5fk7y-glibc-2.40-66/lib/ld-linux-x86-64.so.2)
        n1: 2125824 0x401D122: _dl_sysdep_start (in /nix/store/vbrdc5wgzn0w1zdp10xd2favkjn5fk7y-glibc-2.40-66/lib/ld-linux-x86-64.so.2)
         n1: 2125824 0x401EB21: _dl_start (in /nix/store/vbrdc5wgzn0w1zdp10xd2favkjn5fk7y-glibc-2.40-66/lib/ld-linux-x86-64.so.2)
          n1: 2125824 0x401D787: ??? (in /nix/store/vbrdc5wgzn0w1zdp10xd2favkjn5fk7y-glibc-2.40-66/lib/ld-linux-x86-64.so.2)
           n1: 2125824 0x1: ???
            n1: 2125824 0x1FFEFF018A: ???
             n0: 2125824 0x1FFEFF01A3: ???
    n0: 20480 in 1 place, below massif's threshold (1.00%)
  n1: 1925120 0x4006DBA: _dl_map_object_from_fd (in /nix/store/vbrdc5wgzn0w1zdp10xd2favkjn5fk7y-glibc-2.40-66/lib/ld-linux-x86-64.so.2)
   n2: 1925120 0x4008276: _dl_map_object (in /nix/store/vbrdc5wgzn0w1zdp10xd2favkjn5fk7y-glibc-2.40-66/lib/ld-linux-x86-64.so.2)
    n1: 1908736 0x40028F4: openaux (in /nix/store/vbrdc5wgzn0w1zdp10xd2favkjn5fk7y-glibc-2.40-66/lib/ld-linux-x86-64.so.2)
     n1: 1908736 0x40014F0: _dl_catch_exception (in /nix/store/vbrdc5wgzn0w1zdp10xd2favkjn5fk7y-glibc-2.40-66/lib/ld-linux-x86-64.so.2)
      n1: 1908736 0x4002D84: _dl_map_object_deps (in /nix/store/vbrdc5wgzn0w1zdp10xd2favkjn5fk7y-glibc-2.40-66/lib/ld-linux-x86-64.so.2)
       n1: 1908736 0x4020748: dl_main (in /nix/store/vbrdc5wgzn0w1zdp10xd2favkjn5fk7y-glibc-2.40-66/lib/ld-linux-x86-64.so.2)
        n1: 1908736 0x401D122: _dl_sysdep_start (in /nix/store/vbrdc5wgzn0w1zdp10xd2favkjn5fk7y-glibc-2.40-66/lib/ld-linux-x86-64.so.2)
         n1: 1908736 0x401EB21: _dl_start (in /nix/store/vbrdc5wgzn0w1zdp10xd2favkjn5fk7y-glibc-2.40-66/lib/ld-linux-x86-64.so.2)
          n1: 1908736 0x401D787: ??? (in /nix/store/vbrdc5wgzn0w1zdp10xd2favkjn5fk7y-glibc-2.40-66/lib/ld-linux-x86-64.so.2)
           n1: 1908736 0x1: ???
            n1: 1908736 0x1FFEFF018A: ???
             n0: 1908736 0x1FFEFF01A3: ???
    n0: 16384 in 1 place, below massif's threshold (1.00%)
  n0: 73728 in 2 places, all below massif's threshold (1.00%)
 n0: 1593344 0x0: ???
 n1: 389120 0x4958886: mmap (in /nix/store/vbrdc5wgzn0w1zdp10xd2favkjn5fk7y-glibc-2.40-66/lib/libc.so.6)
  n1: 389120 0x1054DD3: posix.mmap (posix.zig:4776)
   n1: 389120 0x110C29C: heap.PageAllocator.map (PageAllocator.zig:79)
    n1: 389120 0x110C0E7: heap.PageAllocator.alloc (PageAllocator.zig:104)
     n1: 389120 0x10F8EFD: rawAlloc (Allocator.zig:129)
      n1: 389120 0x10F8EFD: heap.debug_allocator.DebugAllocator(.{ .stack_trace_frames = 6, .enable_memory_limit = false, .safety = true, .thread_safe = true, .MutexType = null, .never_unmap = false, .retain_metadata = false, .verbose_log = false, .backing_allocator_zeroes = true, .resize_stack_traces = false, .canary = 10534666094765928719, .page_size = 131072 }).alloc (debug_allocator.zig:778)
       n1: 389120 0x109351A: rawAlloc (Allocator.zig:129)
        n1: 389120 0x109351A: mem.Allocator.allocBytesWithAlignment__anon_13910 (Allocator.zig:269)
         n1: 389120 0x1083772: mem.Allocator.allocWithSizeAndAlignment__anon_11209 (Allocator.zig:260)
          n1: 389120 0x10FC008: allocAdvancedWithRetAddr (Allocator.zig:254)
           n1: 389120 0x10FC008: mem.Allocator.alignedAlloc__anon_24530 (Allocator.zig:242)
            n2: 389120 0x10FB79E: array_list.ArrayListAligned(u8,null).ensureTotalCapacityPrecise (array_list.zig:474)
             n1: 258048 0x10F0718: array_list.ArrayListAligned(u8,null).initCapacity (array_list.zig:66)
              n1: 258048 0x10F024D: fs.File.readToEndAllocOptions__anon_24063 (File.zig:1160)
               n1: 258048 0x10F10F5: fs.Dir.readFileAllocOptions__anon_24050 (Dir.zig:1989)
                n1: 258048 0x10F1372: fs.Dir.readFileAlloc (Dir.zig:1961)
                 n1: 258048 0x10F6A6E: main_simple.main (main_simple.zig:28)
                  n1: 258048 0x10F83C7: callMain (start.zig:656)
                   n1: 258048 0x10F83C7: callMainWithArgs (start.zig:616)
                    n0: 258048 0x10F83C7: main (start.zig:631)
             n1: 131072 0x10FB9ED: array_list.ArrayListAligned(u8,null).ensureTotalCapacity (array_list.zig:450)
              n1: 131072 0x10FA88A: array_list.ArrayListAligned(u8,null).ensureUnusedCapacity (array_list.zig:485)
               n1: 131072 0x10EFE12: array_list.ArrayListAligned(u8,null).appendSlice (array_list.zig:303)
                n1: 131072 0x10EF210: process.argsAlloc (process.zig:1249)
                 n1: 131072 0x10F67A0: main_simple.main (main_simple.zig:12)
                  n1: 131072 0x10F83C7: callMain (start.zig:656)
                   n1: 131072 0x10F83C7: callMainWithArgs (start.zig:616)
                    n0: 131072 0x10F83C7: main (start.zig:631)
 n0: 0 in 1 place, below massif's threshold (1.00%)
#-----------
snapshot=34
#-----------
time=299713
mem_heap_B=6123520
mem_heap_extra_B=0
mem_stacks_B=0
heap_tree=empty
#-----------
snapshot=35
#-----------
time=317878
mem_heap_B=6258688
mem_heap_extra_B=0
mem_stacks_B=0
heap_tree=empty
#-----------
snapshot=36
#-----------
time=318241
mem_heap_B=6258688
mem_heap_extra_B=0
mem_stacks_B=0
heap_tree=detailed
n4: 6258688 (page allocation syscalls) mmap/mremap/brk, --alloc-fns, etc.
 n3: 4145152 0x4024DB6: mmap (in /nix/store/vbrdc5wgzn0w1zdp10xd2favkjn5fk7y-glibc-2.40-66/lib/ld-linux-x86-64.so.2)
  n1: 2146304 0x4006C4B: _dl_map_object_from_fd (in /nix/store/vbrdc5wgzn0w1zdp10xd2favkjn5fk7y-glibc-2.40-66/lib/ld-linux-x86-64.so.2)
   n2: 2146304 0x4008276: _dl_map_object (in /nix/store/vbrdc5wgzn0w1zdp10xd2favkjn5fk7y-glibc-2.40-66/lib/ld-linux-x86-64.so.2)
    n1: 2125824 0x40028F4: openaux (in /nix/store/vbrdc5wgzn0w1zdp10xd2favkjn5fk7y-glibc-2.40-66/lib/ld-linux-x86-64.so.2)
     n1: 2125824 0x40014F0: _dl_catch_exception (in /nix/store/vbrdc5wgzn0w1zdp10xd2favkjn5fk7y-glibc-2.40-66/lib/ld-linux-x86-64.so.2)
      n1: 2125824 0x4002D84: _dl_map_object_deps (in /nix/store/vbrdc5wgzn0w1zdp10xd2favkjn5fk7y-glibc-2.40-66/lib/ld-linux-x86-64.so.2)
       n1: 2125824 0x4020748: dl_main (in /nix/store/vbrdc5wgzn0w1zdp10xd2favkjn5fk7y-glibc-2.40-66/lib/ld-linux-x86-64.so.2)
        n1: 2125824 0x401D122: _dl_sysdep_start (in /nix/store/vbrdc5wgzn0w1zdp10xd2favkjn5fk7y-glibc-2.40-66/lib/ld-linux-x86-64.so.2)
         n1: 2125824 0x401EB21: _dl_start (in /nix/store/vbrdc5wgzn0w1zdp10xd2favkjn5fk7y-glibc-2.40-66/lib/ld-linux-x86-64.so.2)
          n1: 2125824 0x401D787: ??? (in /nix/store/vbrdc5wgzn0w1zdp10xd2favkjn5fk7y-glibc-2.40-66/lib/ld-linux-x86-64.so.2)
           n1: 2125824 0x1: ???
            n1: 2125824 0x1FFEFF018A: ???
             n0: 2125824 0x1FFEFF01A3: ???
    n0: 20480 in 1 place, below massif's threshold (1.00%)
  n1: 1925120 0x4006DBA: _dl_map_object_from_fd (in /nix/store/vbrdc5wgzn0w1zdp10xd2favkjn5fk7y-glibc-2.40-66/lib/ld-linux-x86-64.so.2)
   n2: 1925120 0x4008276: _dl_map_object (in /nix/store/vbrdc5wgzn0w1zdp10xd2favkjn5fk7y-glibc-2.40-66/lib/ld-linux-x86-64.so.2)
    n1: 1908736 0x40028F4: openaux (in /nix/store/vbrdc5wgzn0w1zdp10xd2favkjn5fk7y-glibc-2.40-66/lib/ld-linux-x86-64.so.2)
     n1: 1908736 0x40014F0: _dl_catch_exception (in /nix/store/vbrdc5wgzn0w1zdp10xd2favkjn5fk7y-glibc-2.40-66/lib/ld-linux-x86-64.so.2)
      n1: 1908736 0x4002D84: _dl_map_object_deps (in /nix/store/vbrdc5wgzn0w1zdp10xd2favkjn5fk7y-glibc-2.40-66/lib/ld-linux-x86-64.so.2)
       n1: 1908736 0x4020748: dl_main (in /nix/store/vbrdc5wgzn0w1zdp10xd2favkjn5fk7y-glibc-2.40-66/lib/ld-linux-x86-64.so.2)
        n1: 1908736 0x401D122: _dl_sysdep_start (in /nix/store/vbrdc5wgzn0w1zdp10xd2favkjn5fk7y-glibc-2.40-66/lib/ld-linux-x86-64.so.2)
         n1: 1908736 0x401EB21: _dl_start (in /nix/store/vbrdc5wgzn0w1zdp10xd2favkjn5fk7y-glibc-2.40-66/lib/ld-linux-x86-64.so.2)
          n1: 1908736 0x401D787: ??? (in /nix/store/vbrdc5wgzn0w1zdp10xd2favkjn5fk7y-glibc-2.40-66/lib/ld-linux-x86-64.so.2)
           n1: 1908736 0x1: ???
            n1: 1908736 0x1FFEFF018A: ???
             n0: 1908736 0x1FFEFF01A3: ???
    n0: 16384 in 1 place, below massif's threshold (1.00%)
  n0: 73728 in 2 places, all below massif's threshold (1.00%)
 n0: 1593344 0x0: ???
 n1: 520192 0x4958886: mmap (in /nix/store/vbrdc5wgzn0w1zdp10xd2favkjn5fk7y-glibc-2.40-66/lib/libc.so.6)
  n1: 520192 0x1054DD3: posix.mmap (posix.zig:4776)
   n1: 520192 0x110C29C: heap.PageAllocator.map (PageAllocator.zig:79)
    n1: 520192 0x110C0E7: heap.PageAllocator.alloc (PageAllocator.zig:104)
     n1: 520192 0x10F8EFD: rawAlloc (Allocator.zig:129)
      n1: 520192 0x10F8EFD: heap.debug_allocator.DebugAllocator(.{ .stack_trace_frames = 6, .enable_memory_limit = false, .safety = true, .thread_safe = true, .MutexType = null, .never_unmap = false, .retain_metadata = false, .verbose_log = false, .backing_allocator_zeroes = true, .resize_stack_traces = false, .canary = 10534666094765928719, .page_size = 131072 }).alloc (debug_allocator.zig:778)
       n1: 520192 0x109351A: rawAlloc (Allocator.zig:129)
        n1: 520192 0x109351A: mem.Allocator.allocBytesWithAlignment__anon_13910 (Allocator.zig:269)
         n1: 520192 0x1083772: mem.Allocator.allocWithSizeAndAlignment__anon_11209 (Allocator.zig:260)
          n1: 520192 0x10FC008: allocAdvancedWithRetAddr (Allocator.zig:254)
           n1: 520192 0x10FC008: mem.Allocator.alignedAlloc__anon_24530 (Allocator.zig:242)
            n2: 520192 0x10FB79E: array_list.ArrayListAligned(u8,null).ensureTotalCapacityPrecise (array_list.zig:474)
             n2: 389120 0x10FB9ED: array_list.ArrayListAligned(u8,null).ensureTotalCapacity (array_list.zig:450)
              n1: 258048 0x10F0939: io.Reader.readAllArrayListAligned__anon_24110 (Reader.zig:61)
               n1: 258048 0x10F03E4: readAllArrayListAligned (io.zig:111)
                n1: 258048 0x10F03E4: fs.File.readToEndAllocOptions__anon_24063 (File.zig:1163)
                 n1: 258048 0x10F10F5: fs.Dir.readFileAllocOptions__anon_24050 (Dir.zig:1989)
                  n1: 258048 0x10F1372: fs.Dir.readFileAlloc (Dir.zig:1961)
                   n1: 258048 0x10F6A6E: main_simple.main (main_simple.zig:28)
                    n1: 258048 0x10F83C7: callMain (start.zig:656)
                     n1: 258048 0x10F83C7: callMainWithArgs (start.zig:616)
                      n0: 258048 0x10F83C7: main (start.zig:631)
              n1: 131072 0x10FA88A: array_list.ArrayListAligned(u8,null).ensureUnusedCapacity (array_list.zig:485)
               n1: 131072 0x10EFE12: array_list.ArrayListAligned(u8,null).appendSlice (array_list.zig:303)
                n1: 131072 0x10EF210: process.argsAlloc (process.zig:1249)
                 n1: 131072 0x10F67A0: main_simple.main (main_simple.zig:12)
                  n1: 131072 0x10F83C7: callMain (start.zig:656)
                   n1: 131072 0x10F83C7: callMainWithArgs (start.zig:616)
                    n0: 131072 0x10F83C7: main (start.zig:631)
             n1: 131072 0x10F0718: array_list.ArrayListAligned(u8,null).initCapacity (array_list.zig:66)
              n1: 131072 0x10F024D: fs.File.readToEndAllocOptions__anon_24063 (File.zig:1160)
               n1: 131072 0x10F10F5: fs.Dir.readFileAllocOptions__anon_24050 (Dir.zig:1989)
                n1: 131072 0x10F1372: fs.Dir.readFileAlloc (Dir.zig:1961)
                 n1: 131072 0x10F6A6E: main_simple.main (main_simple.zig:28)
                  n1: 131072 0x10F83C7: callMain (start.zig:656)
                   n1: 131072 0x10F83C7: callMainWithArgs (start.zig:616)
                    n0: 131072 0x10F83C7: main (start.zig:631)
 n0: 0 in 1 place, below massif's threshold (1.00%)
#-----------
snapshot=37
#-----------
time=318241
mem_heap_B=6254592
mem_heap_extra_B=0
mem_stacks_B=0
heap_tree=empty
#-----------
snapshot=38
#-----------
time=346632
mem_heap_B=6127616
mem_heap_extra_B=0
mem_stacks_B=0
heap_tree=empty
#-----------
snapshot=39
#-----------
time=350983
mem_heap_B=6258688
mem_heap_extra_B=0
mem_stacks_B=0
heap_tree=empty
#-----------
snapshot=40
#-----------
time=351346
mem_heap_B=6254592
mem_heap_extra_B=0
mem_stacks_B=0
heap_tree=empty
#-----------
snapshot=41
#-----------
time=379829
mem_heap_B=6127616
mem_heap_extra_B=0
mem_stacks_B=0
heap_tree=empty
#-----------
snapshot=42
#-----------
time=562239
mem_heap_B=6258688
mem_heap_extra_B=0
mem_stacks_B=0
heap_tree=empty
#-----------
snapshot=43
#-----------
time=562602
mem_heap_B=6254592
mem_heap_extra_B=0
mem_stacks_B=0
heap_tree=empty
#-----------
snapshot=44
#-----------
time=732304
mem_heap_B=6389760
mem_heap_extra_B=0
mem_stacks_B=0
heap_tree=empty
#-----------
snapshot=45
#-----------
time=732667
mem_heap_B=6389760
mem_heap_extra_B=0
mem_stacks_B=0
heap_tree=peak
n4: 6389760 (page allocation syscalls) mmap/mremap/brk, --alloc-fns, etc.
 n3: 4145152 0x4024DB6: mmap (in /nix/store/vbrdc5wgzn0w1zdp10xd2favkjn5fk7y-glibc-2.40-66/lib/ld-linux-x86-64.so.2)
  n1: 2146304 0x4006C4B: _dl_map_object_from_fd (in /nix/store/vbrdc5wgzn0w1zdp10xd2favkjn5fk7y-glibc-2.40-66/lib/ld-linux-x86-64.so.2)
   n2: 2146304 0x4008276: _dl_map_object (in /nix/store/vbrdc5wgzn0w1zdp10xd2favkjn5fk7y-glibc-2.40-66/lib/ld-linux-x86-64.so.2)
    n1: 2125824 0x40028F4: openaux (in /nix/store/vbrdc5wgzn0w1zdp10xd2favkjn5fk7y-glibc-2.40-66/lib/ld-linux-x86-64.so.2)
     n1: 2125824 0x40014F0: _dl_catch_exception (in /nix/store/vbrdc5wgzn0w1zdp10xd2favkjn5fk7y-glibc-2.40-66/lib/ld-linux-x86-64.so.2)
      n1: 2125824 0x4002D84: _dl_map_object_deps (in /nix/store/vbrdc5wgzn0w1zdp10xd2favkjn5fk7y-glibc-2.40-66/lib/ld-linux-x86-64.so.2)
       n1: 2125824 0x4020748: dl_main (in /nix/store/vbrdc5wgzn0w1zdp10xd2favkjn5fk7y-glibc-2.40-66/lib/ld-linux-x86-64.so.2)
        n1: 2125824 0x401D122: _dl_sysdep_start (in /nix/store/vbrdc5wgzn0w1zdp10xd2favkjn5fk7y-glibc-2.40-66/lib/ld-linux-x86-64.so.2)
         n1: 2125824 0x401EB21: _dl_start (in /nix/store/vbrdc5wgzn0w1zdp10xd2favkjn5fk7y-glibc-2.40-66/lib/ld-linux-x86-64.so.2)
          n1: 2125824 0x401D787: ??? (in /nix/store/vbrdc5wgzn0w1zdp10xd2favkjn5fk7y-glibc-2.40-66/lib/ld-linux-x86-64.so.2)
           n1: 2125824 0x1: ???
            n1: 2125824 0x1FFEFF018A: ???
             n0: 2125824 0x1FFEFF01A3: ???
    n0: 20480 in 1 place, below massif's threshold (1.00%)
  n1: 1925120 0x4006DBA: _dl_map_object_from_fd (in /nix/store/vbrdc5wgzn0w1zdp10xd2favkjn5fk7y-glibc-2.40-66/lib/ld-linux-x86-64.so.2)
   n2: 1925120 0x4008276: _dl_map_object (in /nix/store/vbrdc5wgzn0w1zdp10xd2favkjn5fk7y-glibc-2.40-66/lib/ld-linux-x86-64.so.2)
    n1: 1908736 0x40028F4: openaux (in /nix/store/vbrdc5wgzn0w1zdp10xd2favkjn5fk7y-glibc-2.40-66/lib/ld-linux-x86-64.so.2)
     n1: 1908736 0x40014F0: _dl_catch_exception (in /nix/store/vbrdc5wgzn0w1zdp10xd2favkjn5fk7y-glibc-2.40-66/lib/ld-linux-x86-64.so.2)
      n1: 1908736 0x4002D84: _dl_map_object_deps (in /nix/store/vbrdc5wgzn0w1zdp10xd2favkjn5fk7y-glibc-2.40-66/lib/ld-linux-x86-64.so.2)
       n1: 1908736 0x4020748: dl_main (in /nix/store/vbrdc5wgzn0w1zdp10xd2favkjn5fk7y-glibc-2.40-66/lib/ld-linux-x86-64.so.2)
        n1: 1908736 0x401D122: _dl_sysdep_start (in /nix/store/vbrdc5wgzn0w1zdp10xd2favkjn5fk7y-glibc-2.40-66/lib/ld-linux-x86-64.so.2)
         n1: 1908736 0x401EB21: _dl_start (in /nix/store/vbrdc5wgzn0w1zdp10xd2favkjn5fk7y-glibc-2.40-66/lib/ld-linux-x86-64.so.2)
          n1: 1908736 0x401D787: ??? (in /nix/store/vbrdc5wgzn0w1zdp10xd2favkjn5fk7y-glibc-2.40-66/lib/ld-linux-x86-64.so.2)
           n1: 1908736 0x1: ???
            n1: 1908736 0x1FFEFF018A: ???
             n0: 1908736 0x1FFEFF01A3: ???
    n0: 16384 in 1 place, below massif's threshold (1.00%)
  n0: 73728 in 2 places, all below massif's threshold (1.00%)
 n0: 1593344 0x0: ???
 n1: 651264 0x4958886: mmap (in /nix/store/vbrdc5wgzn0w1zdp10xd2favkjn5fk7y-glibc-2.40-66/lib/libc.so.6)
  n1: 651264 0x1054DD3: posix.mmap (posix.zig:4776)
   n1: 651264 0x110C29C: heap.PageAllocator.map (PageAllocator.zig:79)
    n1: 651264 0x110C0E7: heap.PageAllocator.alloc (PageAllocator.zig:104)
     n1: 651264 0x10F8EFD: rawAlloc (Allocator.zig:129)
      n2: 651264 0x10F8EFD: heap.debug_allocator.DebugAllocator(.{ .stack_trace_frames = 6, .enable_memory_limit = false, .safety = true, .thread_safe = true, .MutexType = null, .never_unmap = false, .retain_metadata = false, .verbose_log = false, .backing_allocator_zeroes = true, .resize_stack_traces = false, .canary = 10534666094765928719, .page_size = 131072 }).alloc (debug_allocator.zig:778)
       n1: 389120 0x107198A: rawAlloc (Allocator.zig:129)
        n1: 389120 0x107198A: mem.Allocator.allocBytesWithAlignment__anon_9420 (Allocator.zig:269)
         n1: 389120 0x10D7D12: mem.Allocator.allocWithSizeAndAlignment__anon_21194 (Allocator.zig:260)
          n1: 389120 0x1105088: allocAdvancedWithRetAddr (Allocator.zig:254)
           n1: 389120 0x1105088: mem.Allocator.alignedAlloc__anon_28247 (Allocator.zig:242)
            n1: 389120 0x11022DE: array_list.ArrayListAligned(lexer.Token,null).ensureTotalCapacityPrecise (array_list.zig:474)
             n1: 389120 0x110008D: array_list.ArrayListAligned(lexer.Token,null).ensureTotalCapacity (array_list.zig:450)
              n1: 389120 0x10FC2DC: array_list.ArrayListAligned(lexer.Token,null).addOne (array_list.zig:500)
               n1: 389120 0x10F6697: array_list.ArrayListAligned(lexer.Token,null).append (array_list.zig:261)
                n1: 389120 0x10F655B: lexer.Lexer.tokenize (lexer.zig:220)
                 n1: 389120 0x10F6B74: main_simple.main (main_simple.zig:38)
                  n1: 389120 0x10F83C7: callMain (start.zig:656)
                   n1: 389120 0x10F83C7: callMainWithArgs (start.zig:616)
                    n0: 389120 0x10F83C7: main (start.zig:631)
       n1: 262144 0x109351A: rawAlloc (Allocator.zig:129)
        n1: 262144 0x109351A: mem.Allocator.allocBytesWithAlignment__anon_13910 (Allocator.zig:269)
         n1: 262144 0x1083772: mem.Allocator.allocWithSizeAndAlignment__anon_11209 (Allocator.zig:260)
          n1: 262144 0x10FC008: allocAdvancedWithRetAddr (Allocator.zig:254)
           n2: 262144 0x10FC008: mem.Allocator.alignedAlloc__anon_24530 (Allocator.zig:242)
            n2: 131072 0x10FB79E: array_list.ArrayListAligned(u8,null).ensureTotalCapacityPrecise (array_list.zig:474)
             n2: 131072 0x10FB9ED: array_list.ArrayListAligned(u8,null).ensureTotalCapacity (array_list.zig:450)
              n1: 131072 0x10FA88A: array_list.ArrayListAligned(u8,null).ensureUnusedCapacity (array_list.zig:485)
               n1: 131072 0x10EFE12: array_list.ArrayListAligned(u8,null).appendSlice (array_list.zig:303)
                n1: 131072 0x10EF210: process.argsAlloc (process.zig:1249)
                 n1: 131072 0x10F67A0: main_simple.main (main_simple.zig:12)
                  n1: 131072 0x10F83C7: callMain (start.zig:656)
                   n1: 131072 0x10F83C7: callMainWithArgs (start.zig:616)
                    n0: 131072 0x10F83C7: main (start.zig:631)
              n0: 0 in 1 place, below massif's threshold (1.00%)
             n0: 0 in 1 place, below massif's threshold (1.00%)
            n1: 131072 0x10FF82A: array_list.ArrayListAlignedUnmanaged(u8,null).shrinkAndFree (array_list.zig:1030)
             n1: 131072 0x10FBB37: array_list.ArrayListAligned(u8,null).shrinkAndFree (array_list.zig:414)
              n1: 131072 0x10F0BF1: io.Reader.readAllArrayListAligned__anon_24110 (Reader.zig:76)
               n1: 131072 0x10F03E4: readAllArrayListAligned (io.zig:111)
                n1: 131072 0x10F03E4: fs.File.readToEndAllocOptions__anon_24063 (File.zig:1163)
                 n1: 131072 0x10F10F5: fs.Dir.readFileAllocOptions__anon_24050 (Dir.zig:1989)
                  n1: 131072 0x10F1372: fs.Dir.readFileAlloc (Dir.zig:1961)
                   n1: 131072 0x10F6A6E: main_simple.main (main_simple.zig:28)
                    n1: 131072 0x10F83C7: callMain (start.zig:656)
                     n1: 131072 0x10F83C7: callMainWithArgs (start.zig:616)
                      n0: 131072 0x10F83C7: main (start.zig:631)
 n0: 0 in 1 place, below massif's threshold (1.00%)
#-----------
snapshot=46
#-----------
time=732667
mem_heap_B=6385664
mem_heap_extra_B=0
mem_stacks_B=0
heap_tree=empty
#-----------
snapshot=47
#-----------
time=761082
mem_heap_B=6258688
mem_heap_extra_B=0
mem_stacks_B=0
heap_tree=empty
#-----------
snapshot=48
#-----------
time=901619
mem_heap_B=6389760
mem_heap_extra_B=0
mem_stacks_B=0
heap_tree=empty
#-----------
snapshot=49
#-----------
time=901982
mem_heap_B=6385664
mem_heap_extra_B=0
mem_stacks_B=0
heap_tree=empty
#-----------
snapshot=50
#-----------
time=930676
mem_heap_B=6258688
mem_heap_extra_B=0
mem_stacks_B=0
heap_tree=empty
#-----------
snapshot=51
#-----------
time=1031970
mem_heap_B=6127616
mem_heap_extra_B=0
mem_stacks_B=0
heap_tree=empty
#-----------
snapshot=52
#-----------
time=1042712
mem_heap_B=5996544
mem_heap_extra_B=0
mem_stacks_B=0
heap_tree=empty
#-----------
snapshot=53
#-----------
time=1054470
mem_heap_B=5865472
mem_heap_extra_B=0
mem_stacks_B=0
heap_tree=empty
