CURSED Cross-Compilation Log - Wed Aug  6 17:39:05 AEST 2025
=========================================
[0;36m[INFO][0m Cleaned previous build artifacts
[0;32m[SUCCESS][0m Build environment ready
[0;34m[2025-08-06 17:39:05][0m Building 1 platforms: linux-x64
[0;34m[2025-08-06 17:39:05][0m ========================================
[0;34m[2025-08-06 17:39:05][0m Building platform: linux-x64
[0;34m[2025-08-06 17:39:05][0m ========================================
[0;34m[2025-08-06 17:39:05][0m Building Linux x86_64 (linux-x64) with target x86_64-linux
[0;36m[INFO][0m Platform features: threading,networking,filesystem,llvm
[0;31m[ERROR][0m ❌ Linux x86_64 build failed after 26s
[0;31m[ERROR][0m Build failed for linux-x64
[0;34m[2025-08-06 17:39:31][0m ========================================
[0;34m[2025-08-06 17:39:31][0m Cross-compilation summary
[0;34m[2025-08-06 17:39:31][0m ========================================
[0;31m[ERROR][0m Linux x86_64: ❌
[1;33m[WARNING][0m ⚠️  0/1 platforms built successfully
[0;31m[ERROR][0m Some platforms failed to build
[0;34m[2025-08-06 17:40:40][0m ========================================
[0;34m[2025-08-06 17:40:40][0m Platform capability analysis
[0;34m[2025-08-06 17:40:40][0m ========================================
[0;36m[INFO][0m macOS Apple Silicon (macos-arm64):
[0;36m[INFO][0m Linux ARM64 (linux-arm64):
[0;36m[INFO][0m macOS Intel (macos-x64):
[0;36m[INFO][0m WebAssembly (wasm32):
[0;36m[INFO][0m Linux x86_64 (linux-x64):
[0;36m[INFO][0m Windows x86_64 (windows-x64):
[0;34m[2025-08-06 17:40:40][0m ========================================
[0;34m[2025-08-06 17:40:40][0m Platform capability analysis
[0;34m[2025-08-06 17:40:40][0m ========================================
[0;36m[INFO][0m macOS Apple Silicon (macos-arm64):
[0;34m[2025-08-06 17:40:40][0m ========================================
[0;34m[2025-08-06 17:40:40][0m Platform capability analysis
[0;34m[2025-08-06 17:40:40][0m ========================================
[0;36m[INFO][0m macOS Apple Silicon (macos-arm64):
[0;36m[INFO][0m Linux ARM64 (linux-arm64):
[0;34m[2025-08-06 17:40:40][0m ========================================
[0;34m[2025-08-06 17:40:40][0m Platform capability analysis
[0;34m[2025-08-06 17:40:40][0m ========================================
[0;36m[INFO][0m macOS Apple Silicon (macos-arm64):
[0;36m[INFO][0m Linux ARM64 (linux-arm64):
[0;36m[INFO][0m macOS Intel (macos-x64):
[0;34m[2025-08-06 17:40:40][0m ========================================
[0;34m[2025-08-06 17:40:40][0m Platform capability analysis
[0;34m[2025-08-06 17:40:40][0m ========================================
[0;36m[INFO][0m macOS Apple Silicon (macos-arm64):
[0;36m[INFO][0m Linux ARM64 (linux-arm64):
[0;36m[INFO][0m macOS Intel (macos-x64):
[0;36m[INFO][0m WebAssembly (wasm32):
[0;34m[2025-08-06 17:40:40][0m ========================================
[0;34m[2025-08-06 17:40:40][0m Platform capability analysis
[0;34m[2025-08-06 17:40:40][0m ========================================
[0;36m[INFO][0m macOS Apple Silicon (macos-arm64):
[0;36m[INFO][0m Linux ARM64 (linux-arm64):
[0;36m[INFO][0m macOS Intel (macos-x64):
[0;36m[INFO][0m WebAssembly (wasm32):
[0;36m[INFO][0m Linux x86_64 (linux-x64):
[0;34m[2025-08-06 17:40:40][0m ========================================
[0;34m[2025-08-06 17:40:40][0m Platform capability analysis
[0;34m[2025-08-06 17:40:40][0m ========================================
[0;36m[INFO][0m macOS Apple Silicon (macos-arm64):
[0;36m[INFO][0m Linux ARM64 (linux-arm64):
[0;36m[INFO][0m macOS Intel (macos-x64):
[0;36m[INFO][0m WebAssembly (wasm32):
[0;36m[INFO][0m Linux x86_64 (linux-x64):
[0;36m[INFO][0m Windows x86_64 (windows-x64):
