error: the wasm*-unknown-unknown targets are not supported by default, you may need to enable the "js" feature. For more information see: https://docs.rs/getrandom/#webassembly-support
   --> /home/ghuntley/.cargo/registry/src/index.crates.io-1949cf8c6b5b557f/getrandom-0.2.16/src/lib.rs:346:9
    |
346 | /         compile_error!("the wasm*-unknown-unknown targets are not supported by \
347 | |                         default, you may need to enable the \"js\" feature. \
348 | |                         For more information see: \
349 | |                         https://docs.rs/getrandom/#webassembly-support");
    | |________________________________________________________________________^

error: This wasm target is unsupported by mio. If using Tokio, disable the net feature.
  --> /home/ghuntley/.cargo/registry/src/index.crates.io-1949cf8c6b5b557f/mio-1.0.4/src/lib.rs:44:1
   |
44 | compile_error!("This wasm target is unsupported by mio. If using Tokio, disable the net feature.");
   | ^^^^^^^^^^^^^^^^^^^^^^^^^^^^^^^^^^^^^^^^^^^^^^^^^^^^^^^^^^^^^^^^^^^^^^^^^^^^^^^^^^^^^^^^^^^^^^^^^^

error[E0432]: unresolved import `crate::sys::IoSourceState`
  --> /home/ghuntley/.cargo/registry/src/index.crates.io-1949cf8c6b5b557f/mio-1.0.4/src/io_source.rs:14:5
   |
14 | use crate::sys::IoSourceState;
   |     ^^^^^^^^^^^^^^^^^^^^^^^^^ no `IoSourceState` in `sys`

error[E0432]: unresolved import `crate::sys::tcp`
  --> /home/ghuntley/.cargo/registry/src/index.crates.io-1949cf8c6b5b557f/mio-1.0.4/src/net/tcp/listener.rs:19:17
   |
19 | use crate::sys::tcp::{bind, listen, new_for_addr};
   |                 ^^^ could not find `tcp` in `sys`

error[E0432]: unresolved import `crate::sys::tcp`
  --> /home/ghuntley/.cargo/registry/src/index.crates.io-1949cf8c6b5b557f/mio-1.0.4/src/net/tcp/stream.rs:17:17
   |
17 | use crate::sys::tcp::{connect, new_for_addr};
   |                 ^^^ could not find `tcp` in `sys`

error[E0433]: failed to resolve: could not find `Selector` in `sys`
   --> /home/ghuntley/.cargo/registry/src/index.crates.io-1949cf8c6b5b557f/mio-1.0.4/src/poll.rs:322:18
    |
322 |             sys::Selector::new().map(|selector| Poll {
    |                  ^^^^^^^^ could not find `Selector` in `sys`

error[E0433]: failed to resolve: could not find `event` in `sys`
  --> /home/ghuntley/.cargo/registry/src/index.crates.io-1949cf8c6b5b557f/mio-1.0.4/src/event/event.rs:24:14
   |
24 |         sys::event::token(&self.inner)
   |              ^^^^^ could not find `event` in `sys`

error[E0433]: failed to resolve: could not find `event` in `sys`
  --> /home/ghuntley/.cargo/registry/src/index.crates.io-1949cf8c6b5b557f/mio-1.0.4/src/event/event.rs:38:14
   |
38 |         sys::event::is_readable(&self.inner)
   |              ^^^^^ could not find `event` in `sys`

error[E0433]: failed to resolve: could not find `event` in `sys`
  --> /home/ghuntley/.cargo/registry/src/index.crates.io-1949cf8c6b5b557f/mio-1.0.4/src/event/event.rs:43:14
   |
43 |         sys::event::is_writable(&self.inner)
   |              ^^^^^ could not find `event` in `sys`

error[E0433]: failed to resolve: could not find `event` in `sys`
  --> /home/ghuntley/.cargo/registry/src/index.crates.io-1949cf8c6b5b557f/mio-1.0.4/src/event/event.rs:68:14
   |
68 |         sys::event::is_error(&self.inner)
   |              ^^^^^ could not find `event` in `sys`

error[E0433]: failed to resolve: could not find `event` in `sys`
  --> /home/ghuntley/.cargo/registry/src/index.crates.io-1949cf8c6b5b557f/mio-1.0.4/src/event/event.rs:99:14
   |
99 |         sys::event::is_read_closed(&self.inner)
   |              ^^^^^ could not find `event` in `sys`

error[E0433]: failed to resolve: could not find `event` in `sys`
   --> /home/ghuntley/.cargo/registry/src/index.crates.io-1949cf8c6b5b557f/mio-1.0.4/src/event/event.rs:129:14
    |
129 |         sys::event::is_write_closed(&self.inner)
    |              ^^^^^ could not find `event` in `sys`

error[E0433]: failed to resolve: use of unresolved module or unlinked crate `imp`
   --> /home/ghuntley/.cargo/registry/src/index.crates.io-1949cf8c6b5b557f/getrandom-0.2.16/src/lib.rs:402:9
    |
402 |         imp::getrandom_inner(dest)?;
    |         ^^^ use of unresolved module or unlinked crate `imp`
    |
    = help: if you wanted to use a crate named `imp`, use `cargo add imp` to add it to your `Cargo.toml`

error[E0433]: failed to resolve: could not find `event` in `sys`
   --> /home/ghuntley/.cargo/registry/src/index.crates.io-1949cf8c6b5b557f/mio-1.0.4/src/event/event.rs:151:14
    |
151 |         sys::event::is_priority(&self.inner)
    |              ^^^^^ could not find `event` in `sys`

error[E0433]: failed to resolve: could not find `event` in `sys`
   --> /home/ghuntley/.cargo/registry/src/index.crates.io-1949cf8c6b5b557f/mio-1.0.4/src/event/event.rs:173:14
    |
173 |         sys::event::is_aio(&self.inner)
    |              ^^^^^ could not find `event` in `sys`

error[E0433]: failed to resolve: could not find `event` in `sys`
   --> /home/ghuntley/.cargo/registry/src/index.crates.io-1949cf8c6b5b557f/mio-1.0.4/src/event/event.rs:183:14
    |
183 |         sys::event::is_lio(&self.inner)
    |              ^^^^^ could not find `event` in `sys`

error[E0433]: failed to resolve: could not find `event` in `sys`
   --> /home/ghuntley/.cargo/registry/src/index.crates.io-1949cf8c6b5b557f/mio-1.0.4/src/event/event.rs:221:26
    |
221 |                     sys::event::debug_details(f, self.0)
    |                          ^^^^^ could not find `event` in `sys`

error[E0433]: failed to resolve: could not find `tcp` in `sys`
   --> /home/ghuntley/.cargo/registry/src/index.crates.io-1949cf8c6b5b557f/mio-1.0.4/src/net/tcp/listener.rs:107:18
    |
107 |             sys::tcp::accept(inner).map(|(stream, addr)| (TcpStream::from_std(stream), addr))
    |                  ^^^ could not find `tcp` in `sys`

error[E0433]: failed to resolve: could not find `udp` in `sys`
   --> /home/ghuntley/.cargo/registry/src/index.crates.io-1949cf8c6b5b557f/mio-1.0.4/src/net/udp.rs:126:14
    |
126 |         sys::udp::bind(addr).map(UdpSocket::from_std)
    |              ^^^ could not find `udp` in `sys`

For more information about this error, try `rustc --explain E0433`.
error[E0433]: failed to resolve: could not find `udp` in `sys`
   --> /home/ghuntley/.cargo/registry/src/index.crates.io-1949cf8c6b5b557f/mio-1.0.4/src/net/udp.rs:548:14
    |
548 |         sys::udp::only_v6(&self.inner)
    |              ^^^ could not find `udp` in `sys`

error[E0412]: cannot find type `Selector` in module `sys`
   --> /home/ghuntley/.cargo/registry/src/index.crates.io-1949cf8c6b5b557f/mio-1.0.4/src/poll.rs:273:20
    |
273 |     selector: sys::Selector,
    |                    ^^^^^^^^ not found in `sys`

error[E0412]: cannot find type `Selector` in module `sys`
   --> /home/ghuntley/.cargo/registry/src/index.crates.io-1949cf8c6b5b557f/mio-1.0.4/src/poll.rs:730:44
    |
730 |     pub(crate) fn selector(&self) -> &sys::Selector {
    |                                            ^^^^^^^^ not found in `sys`

error[E0412]: cannot find type `Waker` in module `sys`
  --> /home/ghuntley/.cargo/registry/src/index.crates.io-1949cf8c6b5b557f/mio-1.0.4/src/waker.rs:79:17
   |
79 |     inner: sys::Waker,
   |                 ^^^^^ not found in `sys`
   |
help: consider importing one of these structs
   |
1  + use crate::Waker;
   |
1  + use std::task::Waker;
   |
help: if you import `Waker`, refer to it directly
   |
79 -     inner: sys::Waker,
79 +     inner: Waker,
   |

error[E0433]: failed to resolve: could not find `Waker` in `sys`
  --> /home/ghuntley/.cargo/registry/src/index.crates.io-1949cf8c6b5b557f/mio-1.0.4/src/waker.rs:87:14
   |
87 |         sys::Waker::new(registry.selector(), token).map(|inner| Waker { inner })
   |              ^^^^^ could not find `Waker` in `sys`
   |
help: consider importing one of these structs
   |
1  + use crate::Waker;
   |
1  + use std::task::Waker;
   |
help: if you import `Waker`, refer to it directly
   |
87 -         sys::Waker::new(registry.selector(), token).map(|inner| Waker { inner })
87 +         Waker::new(registry.selector(), token).map(|inner| Waker { inner })
   |

error[E0412]: cannot find type `Event` in module `sys`
  --> /home/ghuntley/.cargo/registry/src/index.crates.io-1949cf8c6b5b557f/mio-1.0.4/src/event/event.rs:18:17
   |
18 |     inner: sys::Event,
   |                 ^^^^^ not found in `sys`
   |
help: consider importing this struct through its public re-export
   |
1  + use crate::event::Event;
   |
help: if you import `Event`, refer to it directly
   |
18 -     inner: sys::Event,
18 +     inner: Event,
   |

error[E0412]: cannot find type `Event` in module `sys`
   --> /home/ghuntley/.cargo/registry/src/index.crates.io-1949cf8c6b5b557f/mio-1.0.4/src/event/event.rs:187:55
    |
187 |     pub(crate) fn from_sys_event_ref(sys_event: &sys::Event) -> &Event {
    |                                                       ^^^^^ not found in `sys`
    |
help: consider importing this struct through its public re-export
    |
1   + use crate::event::Event;
    |
help: if you import `Event`, refer to it directly
    |
187 -     pub(crate) fn from_sys_event_ref(sys_event: &sys::Event) -> &Event {
187 +     pub(crate) fn from_sys_event_ref(sys_event: &Event) -> &Event {
    |

error[E0412]: cannot find type `Event` in module `sys`
   --> /home/ghuntley/.cargo/registry/src/index.crates.io-1949cf8c6b5b557f/mio-1.0.4/src/event/event.rs:191:41
    |
191 |             &*(sys_event as *const sys::Event as *const Event)
    |                                         ^^^^^ not found in `sys`
    |
help: consider importing this struct through its public re-export
    |
1   + use crate::event::Event;
    |
help: if you import `Event`, refer to it directly
    |
191 -             &*(sys_event as *const sys::Event as *const Event)
191 +             &*(sys_event as *const Event as *const Event)
    |

error[E0412]: cannot find type `Event` in module `sys`
   --> /home/ghuntley/.cargo/registry/src/index.crates.io-1949cf8c6b5b557f/mio-1.0.4/src/event/event.rs:217:46
    |
217 |             struct EventDetails<'a>(&'a sys::Event);
    |                                              ^^^^^ not found in `sys`
    |
help: consider importing this struct through its public re-export
    |
1   + use crate::event::Event;
    |
help: if you import `Event`, refer to it directly
    |
217 -             struct EventDetails<'a>(&'a sys::Event);
217 +             struct EventDetails<'a>(&'a Event);
    |

error[E0412]: cannot find type `Events` in module `sys`
  --> /home/ghuntley/.cargo/registry/src/index.crates.io-1949cf8c6b5b557f/mio-1.0.4/src/event/events.rs:43:17
   |
43 |     inner: sys::Events,
   |                 ^^^^^^ not found in `sys`
   |
help: consider importing this struct through its public re-export
   |
1  + use crate::Events;
   |
help: if you import `Events`, refer to it directly
   |
43 -     inner: sys::Events,
43 +     inner: Events,
   |

error[E0433]: failed to resolve: could not find `Events` in `sys`
  --> /home/ghuntley/.cargo/registry/src/index.crates.io-1949cf8c6b5b557f/mio-1.0.4/src/event/events.rs:94:25
   |
94 |             inner: sys::Events::with_capacity(capacity),
   |                         ^^^^^^ could not find `Events` in `sys`
   |
help: consider importing this struct through its public re-export
   |
1  + use crate::Events;
   |
help: if you import `Events`, refer to it directly
   |
94 -             inner: sys::Events::with_capacity(capacity),
94 +             inner: Events::with_capacity(capacity),
   |

error[E0412]: cannot find type `Events` in module `sys`
   --> /home/ghuntley/.cargo/registry/src/index.crates.io-1949cf8c6b5b557f/mio-1.0.4/src/event/events.rs:189:47
    |
189 |     pub(crate) fn sys(&mut self) -> &mut sys::Events {
    |                                               ^^^^^^ not found in `sys`
    |
help: consider importing this struct through its public re-export
    |
1   + use crate::Events;
    |
help: if you import `Events`, refer to it directly
    |
189 -     pub(crate) fn sys(&mut self) -> &mut sys::Events {
189 +     pub(crate) fn sys(&mut self) -> &mut Events {
    |

error[E0425]: cannot find value `listener` in this scope
  --> /home/ghuntley/.cargo/registry/src/index.crates.io-1949cf8c6b5b557f/mio-1.0.4/src/net/tcp/listener.rs:78:24
   |
78 |         set_reuseaddr(&listener.inner, true)?;
   |                        ^^^^^^^^ not found in this scope

error[E0425]: cannot find value `listener` in this scope
  --> /home/ghuntley/.cargo/registry/src/index.crates.io-1949cf8c6b5b557f/mio-1.0.4/src/net/tcp/listener.rs:80:15
   |
80 |         bind(&listener.inner, addr)?;
   |               ^^^^^^^^ not found in this scope

error[E0425]: cannot find value `listener` in this scope
  --> /home/ghuntley/.cargo/registry/src/index.crates.io-1949cf8c6b5b557f/mio-1.0.4/src/net/tcp/listener.rs:81:17
   |
81 |         listen(&listener.inner, 1024)?;
   |                 ^^^^^^^^ not found in this scope

error[E0425]: cannot find value `listener` in this scope
  --> /home/ghuntley/.cargo/registry/src/index.crates.io-1949cf8c6b5b557f/mio-1.0.4/src/net/tcp/listener.rs:82:12
   |
82 |         Ok(listener)
   |            ^^^^^^^^ not found in this scope

error[E0425]: cannot find value `stream` in this scope
  --> /home/ghuntley/.cargo/registry/src/index.crates.io-1949cf8c6b5b557f/mio-1.0.4/src/net/tcp/stream.rs:97:18
   |
97 |         connect(&stream.inner, addr)?;
   |                  ^^^^^^ not found in this scope

error[E0425]: cannot find value `stream` in this scope
  --> /home/ghuntley/.cargo/registry/src/index.crates.io-1949cf8c6b5b557f/mio-1.0.4/src/net/tcp/stream.rs:98:12
   |
98 |         Ok(stream)
   |            ^^^^^^ not found in this scope

error: could not compile `getrandom` (lib) due to 2 previous errors
error[E0425]: cannot find function `set_reuseaddr` in this scope
  --> /home/ghuntley/.cargo/registry/src/index.crates.io-1949cf8c6b5b557f/mio-1.0.4/src/net/tcp/listener.rs:78:9
   |
78 |         set_reuseaddr(&listener.inner, true)?;
   |         ^^^^^^^^^^^^^ not found in this scope

error[E0599]: no method named `register` found for struct `IoSource<std::net::TcpListener>` in the current scope
   --> /home/ghuntley/.cargo/registry/src/index.crates.io-1949cf8c6b5b557f/mio-1.0.4/src/net/tcp/listener.rs:150:20
    |
150 |         self.inner.register(registry, token, interests)
    |                    ^^^^^^^^ method not found in `IoSource<TcpListener>`
    |
   ::: /home/ghuntley/.cargo/registry/src/index.crates.io-1949cf8c6b5b557f/mio-1.0.4/src/io_source.rs:37:1
    |
37  | pub struct IoSource<T> {
    | ---------------------- method `register` not found for this struct
    |
    = help: items from traits can only be used if the trait is implemented and in scope
note: `Source` defines an item `register`, perhaps you need to implement it
   --> /home/ghuntley/.cargo/registry/src/index.crates.io-1949cf8c6b5b557f/mio-1.0.4/src/event/source.rs:75:1
    |
75  | pub trait Source {
    | ^^^^^^^^^^^^^^^^

error[E0599]: no method named `reregister` found for struct `IoSource<std::net::TcpListener>` in the current scope
   --> /home/ghuntley/.cargo/registry/src/index.crates.io-1949cf8c6b5b557f/mio-1.0.4/src/net/tcp/listener.rs:159:20
    |
159 |         self.inner.reregister(registry, token, interests)
    |                    ^^^^^^^^^^ method not found in `IoSource<TcpListener>`
    |
   ::: /home/ghuntley/.cargo/registry/src/index.crates.io-1949cf8c6b5b557f/mio-1.0.4/src/io_source.rs:37:1
    |
37  | pub struct IoSource<T> {
    | ---------------------- method `reregister` not found for this struct
    |
    = help: items from traits can only be used if the trait is implemented and in scope
note: `Source` defines an item `reregister`, perhaps you need to implement it
   --> /home/ghuntley/.cargo/registry/src/index.crates.io-1949cf8c6b5b557f/mio-1.0.4/src/event/source.rs:75:1
    |
75  | pub trait Source {
    | ^^^^^^^^^^^^^^^^

error[E0599]: no method named `deregister` found for struct `IoSource<std::net::TcpListener>` in the current scope
   --> /home/ghuntley/.cargo/registry/src/index.crates.io-1949cf8c6b5b557f/mio-1.0.4/src/net/tcp/listener.rs:163:20
    |
163 |         self.inner.deregister(registry)
    |                    ^^^^^^^^^^ method not found in `IoSource<TcpListener>`
    |
   ::: /home/ghuntley/.cargo/registry/src/index.crates.io-1949cf8c6b5b557f/mio-1.0.4/src/io_source.rs:37:1
    |
37  | pub struct IoSource<T> {
    | ---------------------- method `deregister` not found for this struct
    |
    = help: items from traits can only be used if the trait is implemented and in scope
note: `Source` defines an item `deregister`, perhaps you need to implement it
   --> /home/ghuntley/.cargo/registry/src/index.crates.io-1949cf8c6b5b557f/mio-1.0.4/src/event/source.rs:75:1
    |
75  | pub trait Source {
    | ^^^^^^^^^^^^^^^^

error[E0308]: mismatched types
   --> /home/ghuntley/.cargo/registry/src/index.crates.io-1949cf8c6b5b557f/mio-1.0.4/src/net/tcp/listener.rs:286:9
    |
286 | /         unsafe {
287 | |             #[cfg(any(unix, target_os = "hermit", target_os = "wasi"))]
288 | |             {
289 | |                 net::TcpListener::from_raw_fd(listener.into_raw_fd())
...   |
295 | |         }
    | |_________^ expected `TcpListener`, found `()`

error[E0599]: no method named `register` found for struct `IoSource<std::net::TcpStream>` in the current scope
   --> /home/ghuntley/.cargo/registry/src/index.crates.io-1949cf8c6b5b557f/mio-1.0.4/src/net/tcp/stream.rs:332:20
    |
332 |         self.inner.register(registry, token, interests)
    |                    ^^^^^^^^ method not found in `IoSource<TcpStream>`
    |
   ::: /home/ghuntley/.cargo/registry/src/index.crates.io-1949cf8c6b5b557f/mio-1.0.4/src/io_source.rs:37:1
    |
37  | pub struct IoSource<T> {
    | ---------------------- method `register` not found for this struct
    |
    = help: items from traits can only be used if the trait is implemented and in scope
note: `Source` defines an item `register`, perhaps you need to implement it
   --> /home/ghuntley/.cargo/registry/src/index.crates.io-1949cf8c6b5b557f/mio-1.0.4/src/event/source.rs:75:1
    |
75  | pub trait Source {
    | ^^^^^^^^^^^^^^^^

error[E0599]: no method named `reregister` found for struct `IoSource<std::net::TcpStream>` in the current scope
   --> /home/ghuntley/.cargo/registry/src/index.crates.io-1949cf8c6b5b557f/mio-1.0.4/src/net/tcp/stream.rs:341:20
    |
341 |         self.inner.reregister(registry, token, interests)
    |                    ^^^^^^^^^^ method not found in `IoSource<TcpStream>`
    |
   ::: /home/ghuntley/.cargo/registry/src/index.crates.io-1949cf8c6b5b557f/mio-1.0.4/src/io_source.rs:37:1
    |
37  | pub struct IoSource<T> {
    | ---------------------- method `reregister` not found for this struct
    |
    = help: items from traits can only be used if the trait is implemented and in scope
note: `Source` defines an item `reregister`, perhaps you need to implement it
   --> /home/ghuntley/.cargo/registry/src/index.crates.io-1949cf8c6b5b557f/mio-1.0.4/src/event/source.rs:75:1
    |
75  | pub trait Source {
    | ^^^^^^^^^^^^^^^^

error[E0599]: no method named `deregister` found for struct `IoSource<std::net::TcpStream>` in the current scope
   --> /home/ghuntley/.cargo/registry/src/index.crates.io-1949cf8c6b5b557f/mio-1.0.4/src/net/tcp/stream.rs:345:20
    |
345 |         self.inner.deregister(registry)
    |                    ^^^^^^^^^^ method not found in `IoSource<TcpStream>`
    |
   ::: /home/ghuntley/.cargo/registry/src/index.crates.io-1949cf8c6b5b557f/mio-1.0.4/src/io_source.rs:37:1
    |
37  | pub struct IoSource<T> {
    | ---------------------- method `deregister` not found for this struct
    |
    = help: items from traits can only be used if the trait is implemented and in scope
note: `Source` defines an item `deregister`, perhaps you need to implement it
   --> /home/ghuntley/.cargo/registry/src/index.crates.io-1949cf8c6b5b557f/mio-1.0.4/src/event/source.rs:75:1
    |
75  | pub trait Source {
    | ^^^^^^^^^^^^^^^^

error[E0308]: mismatched types
   --> /home/ghuntley/.cargo/registry/src/index.crates.io-1949cf8c6b5b557f/mio-1.0.4/src/net/tcp/stream.rs:468:9
    |
468 | /         unsafe {
469 | |             #[cfg(any(unix, target_os = "hermit", target_os = "wasi"))]
470 | |             {
471 | |                 net::TcpStream::from_raw_fd(stream.into_raw_fd())
...   |
477 | |         }
    | |_________^ expected `TcpStream`, found `()`

error[E0599]: no method named `register` found for struct `IoSource<std::net::UdpSocket>` in the current scope
   --> /home/ghuntley/.cargo/registry/src/index.crates.io-1949cf8c6b5b557f/mio-1.0.4/src/net/udp.rs:626:20
    |
626 |         self.inner.register(registry, token, interests)
    |                    ^^^^^^^^ method not found in `IoSource<UdpSocket>`
    |
   ::: /home/ghuntley/.cargo/registry/src/index.crates.io-1949cf8c6b5b557f/mio-1.0.4/src/io_source.rs:37:1
    |
37  | pub struct IoSource<T> {
    | ---------------------- method `register` not found for this struct
    |
    = help: items from traits can only be used if the trait is implemented and in scope
note: `Source` defines an item `register`, perhaps you need to implement it
   --> /home/ghuntley/.cargo/registry/src/index.crates.io-1949cf8c6b5b557f/mio-1.0.4/src/event/source.rs:75:1
    |
75  | pub trait Source {
    | ^^^^^^^^^^^^^^^^

error[E0599]: no method named `reregister` found for struct `IoSource<std::net::UdpSocket>` in the current scope
   --> /home/ghuntley/.cargo/registry/src/index.crates.io-1949cf8c6b5b557f/mio-1.0.4/src/net/udp.rs:635:20
    |
635 |         self.inner.reregister(registry, token, interests)
    |                    ^^^^^^^^^^ method not found in `IoSource<UdpSocket>`
    |
   ::: /home/ghuntley/.cargo/registry/src/index.crates.io-1949cf8c6b5b557f/mio-1.0.4/src/io_source.rs:37:1
    |
37  | pub struct IoSource<T> {
    | ---------------------- method `reregister` not found for this struct
    |
    = help: items from traits can only be used if the trait is implemented and in scope
note: `Source` defines an item `reregister`, perhaps you need to implement it
   --> /home/ghuntley/.cargo/registry/src/index.crates.io-1949cf8c6b5b557f/mio-1.0.4/src/event/source.rs:75:1
    |
75  | pub trait Source {
    | ^^^^^^^^^^^^^^^^

error[E0599]: no method named `deregister` found for struct `IoSource<std::net::UdpSocket>` in the current scope
   --> /home/ghuntley/.cargo/registry/src/index.crates.io-1949cf8c6b5b557f/mio-1.0.4/src/net/udp.rs:639:20
    |
639 |         self.inner.deregister(registry)
    |                    ^^^^^^^^^^ method not found in `IoSource<UdpSocket>`
    |
   ::: /home/ghuntley/.cargo/registry/src/index.crates.io-1949cf8c6b5b557f/mio-1.0.4/src/io_source.rs:37:1
    |
37  | pub struct IoSource<T> {
    | ---------------------- method `deregister` not found for this struct
    |
    = help: items from traits can only be used if the trait is implemented and in scope
note: `Source` defines an item `deregister`, perhaps you need to implement it
   --> /home/ghuntley/.cargo/registry/src/index.crates.io-1949cf8c6b5b557f/mio-1.0.4/src/event/source.rs:75:1
    |
75  | pub trait Source {
    | ^^^^^^^^^^^^^^^^

error[E0308]: mismatched types
   --> /home/ghuntley/.cargo/registry/src/index.crates.io-1949cf8c6b5b557f/mio-1.0.4/src/net/udp.rs:762:9
    |
762 | /         unsafe {
763 | |             #[cfg(any(unix, target_os = "hermit", target_os = "wasi"))]
764 | |             {
765 | |                 net::UdpSocket::from_raw_fd(socket.into_raw_fd())
...   |
771 | |         }
    | |_________^ expected `UdpSocket`, found `()`

Some errors have detailed explanations: E0308, E0412, E0425, E0432, E0433, E0599.
For more information about an error, try `rustc --explain E0308`.
error: could not compile `mio` (lib) due to 48 previous errors
error: failed to run custom build command for `zstd-sys v2.0.15+zstd.1.5.7`

Caused by:
  process didn't exit successfully: `/home/ghuntley/code/cursed/target/debug/build/zstd-sys-9c85ac405e7c32c0/build-script-build` (exit status: 1)
  --- stdout
  cargo:rerun-if-env-changed=ZSTD_SYS_USE_PKG_CONFIG
  cargo:rustc-cfg=feature="std"
  cargo:rerun-if-changed=wasm-shim/stdlib.h
  cargo:rerun-if-changed=wasm-shim/string.h
  OUT_DIR = Some(/home/ghuntley/code/cursed/target/wasm32-unknown-unknown/debug/build/zstd-sys-1754f35e64321b45/out)
  OPT_LEVEL = Some(0)
  TARGET = Some(wasm32-unknown-unknown)
  HOST = Some(x86_64-unknown-linux-gnu)
  cargo:rerun-if-env-changed=CC_wasm32-unknown-unknown
  CC_wasm32-unknown-unknown = None
  cargo:rerun-if-env-changed=CC_wasm32_unknown_unknown
  CC_wasm32_unknown_unknown = None
  cargo:rerun-if-env-changed=TARGET_CC
  TARGET_CC = None
  cargo:rerun-if-env-changed=CC
  CC = Some(/nix/store/f0m6caffiykyvsjim9376a3hx2yj2ghj-gcc-wrapper-14.2.1.20250322/bin/gcc)
  RUSTC_WRAPPER = None
  cargo:rerun-if-env-changed=CC_ENABLE_DEBUG_OUTPUT
  cargo:rerun-if-env-changed=CRATE_CC_NO_DEFAULTS
  CRATE_CC_NO_DEFAULTS = None
  DEBUG = Some(true)
  CARGO_CFG_TARGET_FEATURE = Some(bulk-memory,multivalue,mutable-globals,nontrapping-fptoint,reference-types,sign-ext)
  cargo:rerun-if-env-changed=CFLAGS
  CFLAGS = None
  cargo:rerun-if-env-changed=TARGET_CFLAGS
  TARGET_CFLAGS = None
  cargo:rerun-if-env-changed=CFLAGS_wasm32_unknown_unknown
  CFLAGS_wasm32_unknown_unknown = None
  cargo:rerun-if-env-changed=CFLAGS_wasm32-unknown-unknown
  CFLAGS_wasm32-unknown-unknown = None
  CARGO_ENCODED_RUSTFLAGS = Some(-L/nix/store/g0s2kna0bilvr391z2kbdzjbgigdcq40-sqlite-3.48.0/lib-Clink-arg=-Wl,-rpath,/nix/store/g0s2kna0bilvr391z2kbdzjbgigdcq40-sqlite-3.48.0/lib)
  OUT_DIR = Some(/home/ghuntley/code/cursed/target/wasm32-unknown-unknown/debug/build/zstd-sys-1754f35e64321b45/out)
  cargo:rerun-if-env-changed=CC_ENABLE_DEBUG_OUTPUT
  cargo:rerun-if-env-changed=CRATE_CC_NO_DEFAULTS
  CRATE_CC_NO_DEFAULTS = None
  TARGET = Some(wasm32-unknown-unknown)
  CARGO_CFG_TARGET_FEATURE = Some(bulk-memory,multivalue,mutable-globals,nontrapping-fptoint,reference-types,sign-ext)
  HOST = Some(x86_64-unknown-linux-gnu)
  cargo:rerun-if-env-changed=CFLAGS
  CFLAGS = None
  cargo:rerun-if-env-changed=TARGET_CFLAGS
  TARGET_CFLAGS = None
  cargo:rerun-if-env-changed=CFLAGS_wasm32_unknown_unknown
  CFLAGS_wasm32_unknown_unknown = None
  cargo:rerun-if-env-changed=CFLAGS_wasm32-unknown-unknown
  CFLAGS_wasm32-unknown-unknown = None
  OUT_DIR = Some(/home/ghuntley/code/cursed/target/wasm32-unknown-unknown/debug/build/zstd-sys-1754f35e64321b45/out)
  cargo:rerun-if-env-changed=CC_ENABLE_DEBUG_OUTPUT
  cargo:rerun-if-env-changed=CRATE_CC_NO_DEFAULTS
  CRATE_CC_NO_DEFAULTS = None
  TARGET = Some(wasm32-unknown-unknown)
  CARGO_CFG_TARGET_FEATURE = Some(bulk-memory,multivalue,mutable-globals,nontrapping-fptoint,reference-types,sign-ext)
  HOST = Some(x86_64-unknown-linux-gnu)
  cargo:rerun-if-env-changed=CFLAGS
  CFLAGS = None
  cargo:rerun-if-env-changed=TARGET_CFLAGS
  TARGET_CFLAGS = None
  cargo:rerun-if-env-changed=CFLAGS_wasm32_unknown_unknown
  CFLAGS_wasm32_unknown_unknown = None
  cargo:rerun-if-env-changed=CFLAGS_wasm32-unknown-unknown
  CFLAGS_wasm32-unknown-unknown = None
  OUT_DIR = Some(/home/ghuntley/code/cursed/target/wasm32-unknown-unknown/debug/build/zstd-sys-1754f35e64321b45/out)
  cargo:rerun-if-env-changed=CC_ENABLE_DEBUG_OUTPUT
  cargo:rerun-if-env-changed=CRATE_CC_NO_DEFAULTS
  CRATE_CC_NO_DEFAULTS = None
  TARGET = Some(wasm32-unknown-unknown)
  CARGO_CFG_TARGET_FEATURE = Some(bulk-memory,multivalue,mutable-globals,nontrapping-fptoint,reference-types,sign-ext)
  HOST = Some(x86_64-unknown-linux-gnu)
  cargo:rerun-if-env-changed=CFLAGS
  CFLAGS = None
  cargo:rerun-if-env-changed=TARGET_CFLAGS
  TARGET_CFLAGS = None
  cargo:rerun-if-env-changed=CFLAGS_wasm32_unknown_unknown
  CFLAGS_wasm32_unknown_unknown = None
  cargo:rerun-if-env-changed=CFLAGS_wasm32-unknown-unknown
  CFLAGS_wasm32-unknown-unknown = None
  cargo:warning=In file included from /nix/store/pz6jgrfqyl2il2785a75vmwdp9vypv0j-glibc-2.40-66-dev/include/bits/libc-header-start.h:33,
  cargo:warning=                 from /nix/store/pz6jgrfqyl2il2785a75vmwdp9vypv0j-glibc-2.40-66-dev/include/limits.h:26,
  cargo:warning=                 from /nix/store/qs54xir5n4vhhbi22aydbkvyyq4v8p0l-gcc-14.2.1.20250322/lib/gcc/x86_64-unknown-linux-gnu/14.2.1/include/limits.h:210,
  cargo:warning=                 from /nix/store/qs54xir5n4vhhbi22aydbkvyyq4v8p0l-gcc-14.2.1.20250322/lib/gcc/x86_64-unknown-linux-gnu/14.2.1/include/syslimits.h:7,
  cargo:warning=                 from /nix/store/qs54xir5n4vhhbi22aydbkvyyq4v8p0l-gcc-14.2.1.20250322/lib/gcc/x86_64-unknown-linux-gnu/14.2.1/include/limits.h:34,
  cargo:warning=                 from zstd/lib/common/zstd_deps.h:39,
  cargo:warning=                 from zstd/lib/common/mem.h:20,
  cargo:warning=                 from zstd/lib/common/entropy_common.c:18:
  cargo:warning=/nix/store/pz6jgrfqyl2il2785a75vmwdp9vypv0j-glibc-2.40-66-dev/include/features.h:422:4: warning: #warning _FORTIFY_SOURCE requires compiling with optimization (-O) [-Wcpp]
  cargo:warning=  422 | #  warning _FORTIFY_SOURCE requires compiling with optimization (-O)
  cargo:warning=      |    ^~~~~~~
  cargo:warning=In file included from /nix/store/pz6jgrfqyl2il2785a75vmwdp9vypv0j-glibc-2.40-66-dev/include/bits/libc-header-start.h:33,
  cargo:warning=                 from /nix/store/pz6jgrfqyl2il2785a75vmwdp9vypv0j-glibc-2.40-66-dev/include/limits.h:26,
  cargo:warning=                 from /nix/store/qs54xir5n4vhhbi22aydbkvyyq4v8p0l-gcc-14.2.1.20250322/lib/gcc/x86_64-unknown-linux-gnu/14.2.1/include/limits.h:210,
  cargo:warning=                 from /nix/store/qs54xir5n4vhhbi22aydbkvyyq4v8p0l-gcc-14.2.1.20250322/lib/gcc/x86_64-unknown-linux-gnu/14.2.1/include/syslimits.h:7,
  cargo:warning=                 from /nix/store/qs54xir5n4vhhbi22aydbkvyyq4v8p0l-gcc-14.2.1.20250322/lib/gcc/x86_64-unknown-linux-gnu/14.2.1/include/limits.h:34,
  cargo:warning=                 from zstd/lib/common/zstd_deps.h:39,
  cargo:warning=                 from zstd/lib/common/error_private.h:22,
  cargo:warning=                 from zstd/lib/common/error_private.c:13:
  cargo:warning=/nix/store/pz6jgrfqyl2il2785a75vmwdp9vypv0j-glibc-2.40-66-dev/include/features.h:422:4: warning: #warning _FORTIFY_SOURCE requires compiling with optimization (-O) [-Wcpp]
  cargo:warning=  422 | #  warning _FORTIFY_SOURCE requires compiling with optimization (-O)
  cargo:warning=      |    ^~~~~~~
  cargo:warning=In file included from /nix/store/pz6jgrfqyl2il2785a75vmwdp9vypv0j-glibc-2.40-66-dev/include/bits/libc-header-start.h:33,
  cargo:warning=                 from /nix/store/pz6jgrfqyl2il2785a75vmwdp9vypv0j-glibc-2.40-66-dev/include/limits.h:26,
  cargo:warning=                 from /nix/store/qs54xir5n4vhhbi22aydbkvyyq4v8p0l-gcc-14.2.1.20250322/lib/gcc/x86_64-unknown-linux-gnu/14.2.1/include/limits.h:210,
  cargo:warning=                 from /nix/store/qs54xir5n4vhhbi22aydbkvyyq4v8p0l-gcc-14.2.1.20250322/lib/gcc/x86_64-unknown-linux-gnu/14.2.1/include/syslimits.h:7,
  cargo:warning=                 from /nix/store/qs54xir5n4vhhbi22aydbkvyyq4v8p0l-gcc-14.2.1.20250322/lib/gcc/x86_64-unknown-linux-gnu/14.2.1/include/limits.h:34,
  cargo:warning=                 from zstd/lib/common/zstd_deps.h:39,
  cargo:warning=                 from zstd/lib/common/mem.h:20,
  cargo:warning=                 from zstd/lib/common/bitstream.h:26,
  cargo:warning=                 from zstd/lib/common/fse_decompress.c:20:
  cargo:warning=/nix/store/pz6jgrfqyl2il2785a75vmwdp9vypv0j-glibc-2.40-66-dev/include/features.h:422:4: warning: #warning _FORTIFY_SOURCE requires compiling with optimization (-O) [-Wcpp]
  cargo:warning=  422 | #  warning _FORTIFY_SOURCE requires compiling with optimization (-O)
  cargo:warning=      |    ^~~~~~~
  cargo:warning=In file included from /nix/store/pz6jgrfqyl2il2785a75vmwdp9vypv0j-glibc-2.40-66-dev/include/bits/libc-header-start.h:33,
  cargo:warning=                 from /nix/store/pz6jgrfqyl2il2785a75vmwdp9vypv0j-glibc-2.40-66-dev/include/limits.h:26,
  cargo:warning=                 from /nix/store/qs54xir5n4vhhbi22aydbkvyyq4v8p0l-gcc-14.2.1.20250322/lib/gcc/x86_64-unknown-linux-gnu/14.2.1/include/limits.h:210,
  cargo:warning=                 from /nix/store/qs54xir5n4vhhbi22aydbkvyyq4v8p0l-gcc-14.2.1.20250322/lib/gcc/x86_64-unknown-linux-gnu/14.2.1/include/syslimits.h:7,
  cargo:warning=                 from /nix/store/qs54xir5n4vhhbi22aydbkvyyq4v8p0l-gcc-14.2.1.20250322/lib/gcc/x86_64-unknown-linux-gnu/14.2.1/include/limits.h:34,
  cargo:warning=                 from zstd/lib/common/../common/zstd_deps.h:39,
  cargo:warning=                 from zstd/lib/common/../common/allocations.h:15,
  cargo:warning=                 from zstd/lib/common/pool.c:13:
  cargo:warning=/nix/store/pz6jgrfqyl2il2785a75vmwdp9vypv0j-glibc-2.40-66-dev/include/features.h:422:4: warning: #warning _FORTIFY_SOURCE requires compiling with optimization (-O) [-Wcpp]
  cargo:warning=  422 | #  warning _FORTIFY_SOURCE requires compiling with optimization (-O)
  cargo:warning=      |    ^~~~~~~
  cargo:warning=In file included from /nix/store/pz6jgrfqyl2il2785a75vmwdp9vypv0j-glibc-2.40-66-dev/include/bits/libc-header-start.h:33,
  cargo:warning=                 from /nix/store/pz6jgrfqyl2il2785a75vmwdp9vypv0j-glibc-2.40-66-dev/include/limits.h:26,
  cargo:warning=                 from /nix/store/qs54xir5n4vhhbi22aydbkvyyq4v8p0l-gcc-14.2.1.20250322/lib/gcc/x86_64-unknown-linux-gnu/14.2.1/include/limits.h:210,
  cargo:warning=                 from /nix/store/qs54xir5n4vhhbi22aydbkvyyq4v8p0l-gcc-14.2.1.20250322/lib/gcc/x86_64-unknown-linux-gnu/14.2.1/include/syslimits.h:7,
  cargo:warning=                 from /nix/store/qs54xir5n4vhhbi22aydbkvyyq4v8p0l-gcc-14.2.1.20250322/lib/gcc/x86_64-unknown-linux-gnu/14.2.1/include/limits.h:34,
  cargo:warning=                 from zstd/lib/common/zstd_deps.h:39,
  cargo:warning=                 from zstd/lib/common/error_private.h:22,
  cargo:warning=                 from zstd/lib/common/zstd_common.c:17:
  cargo:warning=/nix/store/pz6jgrfqyl2il2785a75vmwdp9vypv0j-glibc-2.40-66-dev/include/features.h:422:4: warning: #warning _FORTIFY_SOURCE requires compiling with optimization (-O) [-Wcpp]
  cargo:warning=  422 | #  warning _FORTIFY_SOURCE requires compiling with optimization (-O)
  cargo:warning=      |    ^~~~~~~
  cargo:warning=In file included from /nix/store/pz6jgrfqyl2il2785a75vmwdp9vypv0j-glibc-2.40-66-dev/include/bits/libc-header-start.h:33,
  cargo:warning=                 from /nix/store/pz6jgrfqyl2il2785a75vmwdp9vypv0j-glibc-2.40-66-dev/include/limits.h:26,
  cargo:warning=                 from /nix/store/qs54xir5n4vhhbi22aydbkvyyq4v8p0l-gcc-14.2.1.20250322/lib/gcc/x86_64-unknown-linux-gnu/14.2.1/include/limits.h:210,
  cargo:warning=                 from /nix/store/qs54xir5n4vhhbi22aydbkvyyq4v8p0l-gcc-14.2.1.20250322/lib/gcc/x86_64-unknown-linux-gnu/14.2.1/include/syslimits.h:7,
  cargo:warning=                 from /nix/store/qs54xir5n4vhhbi22aydbkvyyq4v8p0l-gcc-14.2.1.20250322/lib/gcc/x86_64-unknown-linux-gnu/14.2.1/include/limits.h:34,
  cargo:warning=                 from zstd/lib/compress/../common/zstd_deps.h:39,
  cargo:warning=                 from zstd/lib/compress/../common/mem.h:20,
  cargo:warning=                 from zstd/lib/compress/fse_compress.c:19:
  cargo:warning=/nix/store/pz6jgrfqyl2il2785a75vmwdp9vypv0j-glibc-2.40-66-dev/include/features.h:422:4: warning: #warning _FORTIFY_SOURCE requires compiling with optimization (-O) [-Wcpp]
  cargo:warning=  422 | #  warning _FORTIFY_SOURCE requires compiling with optimization (-O)
  cargo:warning=      |    ^~~~~~~
  cargo:warning=In file included from /nix/store/pz6jgrfqyl2il2785a75vmwdp9vypv0j-glibc-2.40-66-dev/include/bits/libc-header-start.h:33,
  cargo:warning=                 from /nix/store/pz6jgrfqyl2il2785a75vmwdp9vypv0j-glibc-2.40-66-dev/include/limits.h:26,
  cargo:warning=                 from /nix/store/qs54xir5n4vhhbi22aydbkvyyq4v8p0l-gcc-14.2.1.20250322/lib/gcc/x86_64-unknown-linux-gnu/14.2.1/include/limits.h:210,
  cargo:warning=                 from /nix/store/qs54xir5n4vhhbi22aydbkvyyq4v8p0l-gcc-14.2.1.20250322/lib/gcc/x86_64-unknown-linux-gnu/14.2.1/include/syslimits.h:7,
  cargo:warning=                 from /nix/store/qs54xir5n4vhhbi22aydbkvyyq4v8p0l-gcc-14.2.1.20250322/lib/gcc/x86_64-unknown-linux-gnu/14.2.1/include/limits.h:34,
  cargo:warning=                 from zstd/lib/compress/../common/zstd_deps.h:39,
  cargo:warning=                 from zstd/lib/compress/../common/mem.h:20,
  cargo:warning=                 from zstd/lib/compress/hist.c:17:
  cargo:warning=/nix/store/pz6jgrfqyl2il2785a75vmwdp9vypv0j-glibc-2.40-66-dev/include/features.h:422:4: warning: #warning _FORTIFY_SOURCE requires compiling with optimization (-O) [-Wcpp]
  cargo:warning=  422 | #  warning _FORTIFY_SOURCE requires compiling with optimization (-O)
  cargo:warning=      |    ^~~~~~~
  cargo:warning=In file included from /nix/store/pz6jgrfqyl2il2785a75vmwdp9vypv0j-glibc-2.40-66-dev/include/bits/libc-header-start.h:33,
  cargo:warning=                 from /nix/store/pz6jgrfqyl2il2785a75vmwdp9vypv0j-glibc-2.40-66-dev/include/limits.h:26,
  cargo:warning=                 from /nix/store/qs54xir5n4vhhbi22aydbkvyyq4v8p0l-gcc-14.2.1.20250322/lib/gcc/x86_64-unknown-linux-gnu/14.2.1/include/limits.h:210,
  cargo:warning=                 from /nix/store/qs54xir5n4vhhbi22aydbkvyyq4v8p0l-gcc-14.2.1.20250322/lib/gcc/x86_64-unknown-linux-gnu/14.2.1/include/syslimits.h:7,
  cargo:warning=                 from /nix/store/qs54xir5n4vhhbi22aydbkvyyq4v8p0l-gcc-14.2.1.20250322/lib/gcc/x86_64-unknown-linux-gnu/14.2.1/include/limits.h:34,
  cargo:warning=                 from zstd/lib/compress/../common/zstd_deps.h:39,
  cargo:warning=                 from zstd/lib/compress/huf_compress.c:26:
  cargo:warning=/nix/store/pz6jgrfqyl2il2785a75vmwdp9vypv0j-glibc-2.40-66-dev/include/features.h:422:4: warning: #warning _FORTIFY_SOURCE requires compiling with optimization (-O) [-Wcpp]
  cargo:warning=  422 | #  warning _FORTIFY_SOURCE requires compiling with optimization (-O)
  cargo:warning=      |    ^~~~~~~
  cargo:warning=In file included from /nix/store/pz6jgrfqyl2il2785a75vmwdp9vypv0j-glibc-2.40-66-dev/include/bits/libc-header-start.h:33,
  cargo:warning=                 from /nix/store/pz6jgrfqyl2il2785a75vmwdp9vypv0j-glibc-2.40-66-dev/include/limits.h:26,
  cargo:warning=                 from /nix/store/qs54xir5n4vhhbi22aydbkvyyq4v8p0l-gcc-14.2.1.20250322/lib/gcc/x86_64-unknown-linux-gnu/14.2.1/include/limits.h:210,
  cargo:warning=                 from /nix/store/qs54xir5n4vhhbi22aydbkvyyq4v8p0l-gcc-14.2.1.20250322/lib/gcc/x86_64-unknown-linux-gnu/14.2.1/include/syslimits.h:7,
  cargo:warning=                 from /nix/store/qs54xir5n4vhhbi22aydbkvyyq4v8p0l-gcc-14.2.1.20250322/lib/gcc/x86_64-unknown-linux-gnu/14.2.1/include/limits.h:34,
  cargo:warning=                 from zstd/lib/compress/../common/zstd_deps.h:39,
  cargo:warning=                 from zstd/lib/compress/../common/allocations.h:15,
  cargo:warning=                 from zstd/lib/compress/zstd_compress.c:14:
  cargo:warning=/nix/store/pz6jgrfqyl2il2785a75vmwdp9vypv0j-glibc-2.40-66-dev/include/features.h:422:4: warning: #warning _FORTIFY_SOURCE requires compiling with optimization (-O) [-Wcpp]
  cargo:warning=  422 | #  warning _FORTIFY_SOURCE requires compiling with optimization (-O)
  cargo:warning=      |    ^~~~~~~
  cargo:warning=In file included from /nix/store/pz6jgrfqyl2il2785a75vmwdp9vypv0j-glibc-2.40-66-dev/include/bits/libc-header-start.h:33,
  cargo:warning=                 from /nix/store/pz6jgrfqyl2il2785a75vmwdp9vypv0j-glibc-2.40-66-dev/include/limits.h:26,
  cargo:warning=                 from /nix/store/qs54xir5n4vhhbi22aydbkvyyq4v8p0l-gcc-14.2.1.20250322/lib/gcc/x86_64-unknown-linux-gnu/14.2.1/include/limits.h:210,
  cargo:warning=                 from /nix/store/qs54xir5n4vhhbi22aydbkvyyq4v8p0l-gcc-14.2.1.20250322/lib/gcc/x86_64-unknown-linux-gnu/14.2.1/include/syslimits.h:7,
  cargo:warning=                 from /nix/store/qs54xir5n4vhhbi22aydbkvyyq4v8p0l-gcc-14.2.1.20250322/lib/gcc/x86_64-unknown-linux-gnu/14.2.1/include/limits.h:34,
  cargo:warning=                 from zstd/lib/compress/../common/zstd_deps.h:39,
  cargo:warning=                 from zstd/lib/compress/../common/mem.h:20,
  cargo:warning=                 from zstd/lib/compress/../common/cpu.h:19,
  cargo:warning=                 from zstd/lib/compress/../common/zstd_internal.h:23,
  cargo:warning=                 from zstd/lib/compress/zstd_compress_internal.h:21,
  cargo:warning=                 from zstd/lib/compress/zstd_compress_literals.h:14,
  cargo:warning=                 from zstd/lib/compress/zstd_compress_literals.c:14:
  cargo:warning=/nix/store/pz6jgrfqyl2il2785a75vmwdp9vypv0j-glibc-2.40-66-dev/include/features.h:422:4: warning: #warning _FORTIFY_SOURCE requires compiling with optimization (-O) [-Wcpp]
  cargo:warning=  422 | #  warning _FORTIFY_SOURCE requires compiling with optimization (-O)
  cargo:warning=      |    ^~~~~~~
  cargo:warning=In file included from /nix/store/pz6jgrfqyl2il2785a75vmwdp9vypv0j-glibc-2.40-66-dev/include/bits/libc-header-start.h:33,
  cargo:warning=                 from /nix/store/pz6jgrfqyl2il2785a75vmwdp9vypv0j-glibc-2.40-66-dev/include/limits.h:26,
  cargo:warning=                 from /nix/store/qs54xir5n4vhhbi22aydbkvyyq4v8p0l-gcc-14.2.1.20250322/lib/gcc/x86_64-unknown-linux-gnu/14.2.1/include/limits.h:210,
  cargo:warning=                 from /nix/store/qs54xir5n4vhhbi22aydbkvyyq4v8p0l-gcc-14.2.1.20250322/lib/gcc/x86_64-unknown-linux-gnu/14.2.1/include/syslimits.h:7,
  cargo:warning=                 from /nix/store/qs54xir5n4vhhbi22aydbkvyyq4v8p0l-gcc-14.2.1.20250322/lib/gcc/x86_64-unknown-linux-gnu/14.2.1/include/limits.h:34,
  cargo:warning=                 from zstd/lib/compress/../common/zstd_deps.h:39,
  cargo:warning=                 from zstd/lib/compress/../common/mem.h:20,
  cargo:warning=                 from zstd/lib/compress/../common/cpu.h:19,
  cargo:warning=                 from zstd/lib/compress/../common/zstd_internal.h:23,
  cargo:warning=                 from zstd/lib/compress/zstd_compress_internal.h:21,
  cargo:warning=                 from zstd/lib/compress/zstd_compress_sequences.h:14,
  cargo:warning=                 from zstd/lib/compress/zstd_compress_sequences.c:14:
  cargo:warning=/nix/store/pz6jgrfqyl2il2785a75vmwdp9vypv0j-glibc-2.40-66-dev/include/features.h:422:4: warning: #warning _FORTIFY_SOURCE requires compiling with optimization (-O) [-Wcpp]
  cargo:warning=  422 | #  warning _FORTIFY_SOURCE requires compiling with optimization (-O)
  cargo:warning=      |    ^~~~~~~
  cargo:warning=In file included from /nix/store/pz6jgrfqyl2il2785a75vmwdp9vypv0j-glibc-2.40-66-dev/include/bits/libc-header-start.h:33,
  cargo:warning=                 from /nix/store/pz6jgrfqyl2il2785a75vmwdp9vypv0j-glibc-2.40-66-dev/include/limits.h:26,
  cargo:warning=                 from /nix/store/qs54xir5n4vhhbi22aydbkvyyq4v8p0l-gcc-14.2.1.20250322/lib/gcc/x86_64-unknown-linux-gnu/14.2.1/include/limits.h:210,
  cargo:warning=                 from /nix/store/qs54xir5n4vhhbi22aydbkvyyq4v8p0l-gcc-14.2.1.20250322/lib/gcc/x86_64-unknown-linux-gnu/14.2.1/include/syslimits.h:7,
  cargo:warning=                 from /nix/store/qs54xir5n4vhhbi22aydbkvyyq4v8p0l-gcc-14.2.1.20250322/lib/gcc/x86_64-unknown-linux-gnu/14.2.1/include/limits.h:34,
  cargo:warning=                 from zstd/lib/compress/../common/zstd_deps.h:39,
  cargo:warning=                 from zstd/lib/compress/../common/mem.h:20,
  cargo:warning=                 from zstd/lib/compress/../common/cpu.h:19,
  cargo:warning=                 from zstd/lib/compress/../common/zstd_internal.h:23,
  cargo:warning=                 from zstd/lib/compress/zstd_compress_superblock.c:16:
  cargo:warning=/nix/store/pz6jgrfqyl2il2785a75vmwdp9vypv0j-glibc-2.40-66-dev/include/features.h:422:4: warning: #warning _FORTIFY_SOURCE requires compiling with optimization (-O) [-Wcpp]
  cargo:warning=  422 | #  warning _FORTIFY_SOURCE requires compiling with optimization (-O)
  cargo:warning=      |    ^~~~~~~
  exit status: 0
  exit status: 0
  exit status: 0
  exit status: 0
  exit status: 0
  exit status: 0
  exit status: 0
  exit status: 0
  cargo:warning=In file included from /nix/store/pz6jgrfqyl2il2785a75vmwdp9vypv0j-glibc-2.40-66-dev/include/bits/libc-header-start.h:33,
  cargo:warning=                 from /nix/store/pz6jgrfqyl2il2785a75vmwdp9vypv0j-glibc-2.40-66-dev/include/limits.h:26,
  cargo:warning=                 from /nix/store/qs54xir5n4vhhbi22aydbkvyyq4v8p0l-gcc-14.2.1.20250322/lib/gcc/x86_64-unknown-linux-gnu/14.2.1/include/limits.h:210,
  cargo:warning=                 from /nix/store/qs54xir5n4vhhbi22aydbkvyyq4v8p0l-gcc-14.2.1.20250322/lib/gcc/x86_64-unknown-linux-gnu/14.2.1/include/syslimits.h:7,
  cargo:warning=                 from /nix/store/qs54xir5n4vhhbi22aydbkvyyq4v8p0l-gcc-14.2.1.20250322/lib/gcc/x86_64-unknown-linux-gnu/14.2.1/include/limits.h:34,
  cargo:warning=                 from zstd/lib/compress/../common/zstd_deps.h:39,
  cargo:warning=                 from zstd/lib/compress/../common/mem.h:20,
  cargo:warning=                 from zstd/lib/compress/../common/cpu.h:19,
  cargo:warning=                 from zstd/lib/compress/../common/zstd_internal.h:23,
  cargo:warning=                 from zstd/lib/compress/zstd_compress_internal.h:21,
  cargo:warning=                 from zstd/lib/compress/zstd_double_fast.c:11:
  cargo:warning=/nix/store/pz6jgrfqyl2il2785a75vmwdp9vypv0j-glibc-2.40-66-dev/include/features.h:422:4: warning: #warning _FORTIFY_SOURCE requires compiling with optimization (-O) [-Wcpp]
  cargo:warning=  422 | #  warning _FORTIFY_SOURCE requires compiling with optimization (-O)
  cargo:warning=      |    ^~~~~~~
  cargo:warning=In file included from /nix/store/pz6jgrfqyl2il2785a75vmwdp9vypv0j-glibc-2.40-66-dev/include/bits/libc-header-start.h:33,
  cargo:warning=                 from /nix/store/pz6jgrfqyl2il2785a75vmwdp9vypv0j-glibc-2.40-66-dev/include/limits.h:26,
  cargo:warning=                 from /nix/store/qs54xir5n4vhhbi22aydbkvyyq4v8p0l-gcc-14.2.1.20250322/lib/gcc/x86_64-unknown-linux-gnu/14.2.1/include/limits.h:210,
  cargo:warning=                 from /nix/store/qs54xir5n4vhhbi22aydbkvyyq4v8p0l-gcc-14.2.1.20250322/lib/gcc/x86_64-unknown-linux-gnu/14.2.1/include/syslimits.h:7,
  cargo:warning=                 from /nix/store/qs54xir5n4vhhbi22aydbkvyyq4v8p0l-gcc-14.2.1.20250322/lib/gcc/x86_64-unknown-linux-gnu/14.2.1/include/limits.h:34,
  cargo:warning=                 from zstd/lib/compress/../common/zstd_deps.h:39,
  cargo:warning=                 from zstd/lib/compress/../common/mem.h:20,
  cargo:warning=                 from zstd/lib/compress/../common/cpu.h:19,
  cargo:warning=                 from zstd/lib/compress/../common/zstd_internal.h:23,
  cargo:warning=                 from zstd/lib/compress/zstd_compress_internal.h:21,
  cargo:warning=                 from zstd/lib/compress/zstd_fast.c:11:
  cargo:warning=/nix/store/pz6jgrfqyl2il2785a75vmwdp9vypv0j-glibc-2.40-66-dev/include/features.h:422:4: warning: #warning _FORTIFY_SOURCE requires compiling with optimization (-O) [-Wcpp]
  cargo:warning=  422 | #  warning _FORTIFY_SOURCE requires compiling with optimization (-O)
  cargo:warning=      |    ^~~~~~~
  cargo:warning=In file included from /nix/store/pz6jgrfqyl2il2785a75vmwdp9vypv0j-glibc-2.40-66-dev/include/bits/libc-header-start.h:33,
  cargo:warning=                 from /nix/store/pz6jgrfqyl2il2785a75vmwdp9vypv0j-glibc-2.40-66-dev/include/limits.h:26,
  cargo:warning=                 from /nix/store/qs54xir5n4vhhbi22aydbkvyyq4v8p0l-gcc-14.2.1.20250322/lib/gcc/x86_64-unknown-linux-gnu/14.2.1/include/limits.h:210,
  cargo:warning=                 from /nix/store/qs54xir5n4vhhbi22aydbkvyyq4v8p0l-gcc-14.2.1.20250322/lib/gcc/x86_64-unknown-linux-gnu/14.2.1/include/syslimits.h:7,
  cargo:warning=                 from /nix/store/qs54xir5n4vhhbi22aydbkvyyq4v8p0l-gcc-14.2.1.20250322/lib/gcc/x86_64-unknown-linux-gnu/14.2.1/include/limits.h:34,
  cargo:warning=                 from zstd/lib/compress/../common/zstd_deps.h:39,
  cargo:warning=                 from zstd/lib/compress/../common/mem.h:20,
  cargo:warning=                 from zstd/lib/compress/../common/cpu.h:19,
  cargo:warning=                 from zstd/lib/compress/../common/zstd_internal.h:23,
  cargo:warning=                 from zstd/lib/compress/zstd_compress_internal.h:21,
  cargo:warning=                 from zstd/lib/compress/zstd_lazy.c:11:
  cargo:warning=/nix/store/pz6jgrfqyl2il2785a75vmwdp9vypv0j-glibc-2.40-66-dev/include/features.h:422:4: warning: #warning _FORTIFY_SOURCE requires compiling with optimization (-O) [-Wcpp]
  cargo:warning=  422 | #  warning _FORTIFY_SOURCE requires compiling with optimization (-O)
  cargo:warning=      |    ^~~~~~~
  cargo:warning=In file included from /nix/store/pz6jgrfqyl2il2785a75vmwdp9vypv0j-glibc-2.40-66-dev/include/bits/libc-header-start.h:33,
  cargo:warning=                 from /nix/store/pz6jgrfqyl2il2785a75vmwdp9vypv0j-glibc-2.40-66-dev/include/limits.h:26,
  cargo:warning=                 from /nix/store/qs54xir5n4vhhbi22aydbkvyyq4v8p0l-gcc-14.2.1.20250322/lib/gcc/x86_64-unknown-linux-gnu/14.2.1/include/limits.h:210,
  cargo:warning=                 from /nix/store/qs54xir5n4vhhbi22aydbkvyyq4v8p0l-gcc-14.2.1.20250322/lib/gcc/x86_64-unknown-linux-gnu/14.2.1/include/syslimits.h:7,
  cargo:warning=                 from /nix/store/qs54xir5n4vhhbi22aydbkvyyq4v8p0l-gcc-14.2.1.20250322/lib/gcc/x86_64-unknown-linux-gnu/14.2.1/include/limits.h:34,
  cargo:warning=                 from zstd/lib/compress/../common/zstd_deps.h:39,
  cargo:warning=                 from zstd/lib/compress/../common/mem.h:20,
  cargo:warning=                 from zstd/lib/compress/../common/cpu.h:19,
  cargo:warning=                 from zstd/lib/compress/../common/zstd_internal.h:23,
  cargo:warning=                 from zstd/lib/compress/zstd_compress_internal.h:21,
  cargo:warning=                 from zstd/lib/compress/zstd_ldm.h:14,
  cargo:warning=                 from zstd/lib/compress/zstd_ldm.c:11:
  cargo:warning=/nix/store/pz6jgrfqyl2il2785a75vmwdp9vypv0j-glibc-2.40-66-dev/include/features.h:422:4: warning: #warning _FORTIFY_SOURCE requires compiling with optimization (-O) [-Wcpp]
  cargo:warning=  422 | #  warning _FORTIFY_SOURCE requires compiling with optimization (-O)
  cargo:warning=      |    ^~~~~~~
  cargo:warning=In file included from /nix/store/pz6jgrfqyl2il2785a75vmwdp9vypv0j-glibc-2.40-66-dev/include/bits/libc-header-start.h:33,
  cargo:warning=                 from /nix/store/pz6jgrfqyl2il2785a75vmwdp9vypv0j-glibc-2.40-66-dev/include/limits.h:26,
  cargo:warning=                 from /nix/store/qs54xir5n4vhhbi22aydbkvyyq4v8p0l-gcc-14.2.1.20250322/lib/gcc/x86_64-unknown-linux-gnu/14.2.1/include/limits.h:210,
  cargo:warning=                 from /nix/store/qs54xir5n4vhhbi22aydbkvyyq4v8p0l-gcc-14.2.1.20250322/lib/gcc/x86_64-unknown-linux-gnu/14.2.1/include/syslimits.h:7,
  cargo:warning=                 from /nix/store/qs54xir5n4vhhbi22aydbkvyyq4v8p0l-gcc-14.2.1.20250322/lib/gcc/x86_64-unknown-linux-gnu/14.2.1/include/limits.h:34,
  cargo:warning=                 from zstd/lib/compress/../common/zstd_deps.h:39,
  cargo:warning=                 from zstd/lib/compress/../common/mem.h:20,
  cargo:warning=                 from zstd/lib/compress/../common/cpu.h:19,
  cargo:warning=                 from zstd/lib/compress/../common/zstd_internal.h:23,
  cargo:warning=                 from zstd/lib/compress/zstd_compress_internal.h:21,
  cargo:warning=                 from zstd/lib/compress/zstd_opt.c:11:
  cargo:warning=/nix/store/pz6jgrfqyl2il2785a75vmwdp9vypv0j-glibc-2.40-66-dev/include/features.h:422:4: warning: #warning _FORTIFY_SOURCE requires compiling with optimization (-O) [-Wcpp]
  cargo:warning=  422 | #  warning _FORTIFY_SOURCE requires compiling with optimization (-O)
  cargo:warning=      |    ^~~~~~~
  cargo:warning=In file included from /nix/store/pz6jgrfqyl2il2785a75vmwdp9vypv0j-glibc-2.40-66-dev/include/bits/libc-header-start.h:33,
  cargo:warning=                 from /nix/store/pz6jgrfqyl2il2785a75vmwdp9vypv0j-glibc-2.40-66-dev/include/limits.h:26,
  cargo:warning=                 from /nix/store/qs54xir5n4vhhbi22aydbkvyyq4v8p0l-gcc-14.2.1.20250322/lib/gcc/x86_64-unknown-linux-gnu/14.2.1/include/limits.h:210,
  cargo:warning=                 from /nix/store/qs54xir5n4vhhbi22aydbkvyyq4v8p0l-gcc-14.2.1.20250322/lib/gcc/x86_64-unknown-linux-gnu/14.2.1/include/syslimits.h:7,
  cargo:warning=                 from /nix/store/qs54xir5n4vhhbi22aydbkvyyq4v8p0l-gcc-14.2.1.20250322/lib/gcc/x86_64-unknown-linux-gnu/14.2.1/include/limits.h:34,
  cargo:warning=                 from zstd/lib/compress/../common/zstd_deps.h:39,
  cargo:warning=                 from zstd/lib/compress/../common/mem.h:20,
  cargo:warning=                 from zstd/lib/compress/zstd_preSplit.c:12:
  cargo:warning=/nix/store/pz6jgrfqyl2il2785a75vmwdp9vypv0j-glibc-2.40-66-dev/include/features.h:422:4: warning: #warning _FORTIFY_SOURCE requires compiling with optimization (-O) [-Wcpp]
  cargo:warning=  422 | #  warning _FORTIFY_SOURCE requires compiling with optimization (-O)
  cargo:warning=      |    ^~~~~~~
  cargo:warning=In file included from /nix/store/pz6jgrfqyl2il2785a75vmwdp9vypv0j-glibc-2.40-66-dev/include/bits/libc-header-start.h:33,
  cargo:warning=                 from /nix/store/pz6jgrfqyl2il2785a75vmwdp9vypv0j-glibc-2.40-66-dev/include/limits.h:26,
  cargo:warning=                 from /nix/store/qs54xir5n4vhhbi22aydbkvyyq4v8p0l-gcc-14.2.1.20250322/lib/gcc/x86_64-unknown-linux-gnu/14.2.1/include/limits.h:210,
  cargo:warning=                 from /nix/store/qs54xir5n4vhhbi22aydbkvyyq4v8p0l-gcc-14.2.1.20250322/lib/gcc/x86_64-unknown-linux-gnu/14.2.1/include/syslimits.h:7,
  cargo:warning=                 from /nix/store/qs54xir5n4vhhbi22aydbkvyyq4v8p0l-gcc-14.2.1.20250322/lib/gcc/x86_64-unknown-linux-gnu/14.2.1/include/limits.h:34,
  cargo:warning=                 from zstd/lib/compress/../common/zstd_deps.h:39,
  cargo:warning=                 from zstd/lib/compress/../common/allocations.h:15,
  cargo:warning=                 from zstd/lib/compress/zstdmt_compress.c:19:
  cargo:warning=/nix/store/pz6jgrfqyl2il2785a75vmwdp9vypv0j-glibc-2.40-66-dev/include/features.h:422:4: warning: #warning _FORTIFY_SOURCE requires compiling with optimization (-O) [-Wcpp]
  cargo:warning=  422 | #  warning _FORTIFY_SOURCE requires compiling with optimization (-O)
  cargo:warning=      |    ^~~~~~~
  cargo:warning=In file included from /nix/store/pz6jgrfqyl2il2785a75vmwdp9vypv0j-glibc-2.40-66-dev/include/bits/libc-header-start.h:33,
  cargo:warning=                 from /nix/store/pz6jgrfqyl2il2785a75vmwdp9vypv0j-glibc-2.40-66-dev/include/limits.h:26,
  cargo:warning=                 from /nix/store/qs54xir5n4vhhbi22aydbkvyyq4v8p0l-gcc-14.2.1.20250322/lib/gcc/x86_64-unknown-linux-gnu/14.2.1/include/limits.h:210,
  cargo:warning=                 from /nix/store/qs54xir5n4vhhbi22aydbkvyyq4v8p0l-gcc-14.2.1.20250322/lib/gcc/x86_64-unknown-linux-gnu/14.2.1/include/syslimits.h:7,
  cargo:warning=                 from /nix/store/qs54xir5n4vhhbi22aydbkvyyq4v8p0l-gcc-14.2.1.20250322/lib/gcc/x86_64-unknown-linux-gnu/14.2.1/include/limits.h:34,
  cargo:warning=                 from zstd/lib/decompress/../common/zstd_deps.h:39,
  cargo:warning=                 from zstd/lib/decompress/huf_decompress.c:18:
  cargo:warning=/nix/store/pz6jgrfqyl2il2785a75vmwdp9vypv0j-glibc-2.40-66-dev/include/features.h:422:4: warning: #warning _FORTIFY_SOURCE requires compiling with optimization (-O) [-Wcpp]
  cargo:warning=  422 | #  warning _FORTIFY_SOURCE requires compiling with optimization (-O)
  cargo:warning=      |    ^~~~~~~
  cargo:warning=In file included from /nix/store/pz6jgrfqyl2il2785a75vmwdp9vypv0j-glibc-2.40-66-dev/include/bits/libc-header-start.h:33,
  cargo:warning=                 from /nix/store/pz6jgrfqyl2il2785a75vmwdp9vypv0j-glibc-2.40-66-dev/include/limits.h:26,
  cargo:warning=                 from /nix/store/qs54xir5n4vhhbi22aydbkvyyq4v8p0l-gcc-14.2.1.20250322/lib/gcc/x86_64-unknown-linux-gnu/14.2.1/include/limits.h:210,
  cargo:warning=                 from /nix/store/qs54xir5n4vhhbi22aydbkvyyq4v8p0l-gcc-14.2.1.20250322/lib/gcc/x86_64-unknown-linux-gnu/14.2.1/include/syslimits.h:7,
  cargo:warning=                 from /nix/store/qs54xir5n4vhhbi22aydbkvyyq4v8p0l-gcc-14.2.1.20250322/lib/gcc/x86_64-unknown-linux-gnu/14.2.1/include/limits.h:34,
  cargo:warning=                 from zstd/lib/decompress/../common/zstd_deps.h:39,
  cargo:warning=                 from zstd/lib/decompress/../common/allocations.h:15,
  cargo:warning=                 from zstd/lib/decompress/zstd_ddict.c:17:
  cargo:warning=/nix/store/pz6jgrfqyl2il2785a75vmwdp9vypv0j-glibc-2.40-66-dev/include/features.h:422:4: warning: #warning _FORTIFY_SOURCE requires compiling with optimization (-O) [-Wcpp]
  cargo:warning=  422 | #  warning _FORTIFY_SOURCE requires compiling with optimization (-O)
  cargo:warning=      |    ^~~~~~~
  cargo:warning=In file included from /nix/store/pz6jgrfqyl2il2785a75vmwdp9vypv0j-glibc-2.40-66-dev/include/bits/libc-header-start.h:33,
  cargo:warning=                 from /nix/store/pz6jgrfqyl2il2785a75vmwdp9vypv0j-glibc-2.40-66-dev/include/limits.h:26,
  cargo:warning=                 from /nix/store/qs54xir5n4vhhbi22aydbkvyyq4v8p0l-gcc-14.2.1.20250322/lib/gcc/x86_64-unknown-linux-gnu/14.2.1/include/limits.h:210,
  cargo:warning=                 from /nix/store/qs54xir5n4vhhbi22aydbkvyyq4v8p0l-gcc-14.2.1.20250322/lib/gcc/x86_64-unknown-linux-gnu/14.2.1/include/syslimits.h:7,
  cargo:warning=                 from /nix/store/qs54xir5n4vhhbi22aydbkvyyq4v8p0l-gcc-14.2.1.20250322/lib/gcc/x86_64-unknown-linux-gnu/14.2.1/include/limits.h:34,
  cargo:warning=                 from zstd/lib/decompress/../common/zstd_deps.h:39,
  cargo:warning=                 from zstd/lib/decompress/zstd_decompress.c:58:
  cargo:warning=/nix/store/pz6jgrfqyl2il2785a75vmwdp9vypv0j-glibc-2.40-66-dev/include/features.h:422:4: warning: #warning _FORTIFY_SOURCE requires compiling with optimization (-O) [-Wcpp]
  cargo:warning=  422 | #  warning _FORTIFY_SOURCE requires compiling with optimization (-O)
  cargo:warning=      |    ^~~~~~~
  cargo:warning=In file included from /nix/store/pz6jgrfqyl2il2785a75vmwdp9vypv0j-glibc-2.40-66-dev/include/bits/libc-header-start.h:33,
  cargo:warning=                 from /nix/store/pz6jgrfqyl2il2785a75vmwdp9vypv0j-glibc-2.40-66-dev/include/limits.h:26,
  cargo:warning=                 from /nix/store/qs54xir5n4vhhbi22aydbkvyyq4v8p0l-gcc-14.2.1.20250322/lib/gcc/x86_64-unknown-linux-gnu/14.2.1/include/limits.h:210,
  cargo:warning=                 from /nix/store/qs54xir5n4vhhbi22aydbkvyyq4v8p0l-gcc-14.2.1.20250322/lib/gcc/x86_64-unknown-linux-gnu/14.2.1/include/syslimits.h:7,
  cargo:warning=                 from /nix/store/qs54xir5n4vhhbi22aydbkvyyq4v8p0l-gcc-14.2.1.20250322/lib/gcc/x86_64-unknown-linux-gnu/14.2.1/include/limits.h:34,
  cargo:warning=                 from zstd/lib/decompress/../common/zstd_deps.h:39,
  cargo:warning=                 from zstd/lib/decompress/zstd_decompress_block.c:17:
  cargo:warning=/nix/store/pz6jgrfqyl2il2785a75vmwdp9vypv0j-glibc-2.40-66-dev/include/features.h:422:4: warning: #warning _FORTIFY_SOURCE requires compiling with optimization (-O) [-Wcpp]
  cargo:warning=  422 | #  warning _FORTIFY_SOURCE requires compiling with optimization (-O)
  cargo:warning=      |    ^~~~~~~
  cargo:warning=In file included from /nix/store/pz6jgrfqyl2il2785a75vmwdp9vypv0j-glibc-2.40-66-dev/include/bits/libc-header-start.h:33,
  cargo:warning=                 from /nix/store/pz6jgrfqyl2il2785a75vmwdp9vypv0j-glibc-2.40-66-dev/include/limits.h:26,
  cargo:warning=                 from /nix/store/qs54xir5n4vhhbi22aydbkvyyq4v8p0l-gcc-14.2.1.20250322/lib/gcc/x86_64-unknown-linux-gnu/14.2.1/include/limits.h:210,
  cargo:warning=                 from /nix/store/qs54xir5n4vhhbi22aydbkvyyq4v8p0l-gcc-14.2.1.20250322/lib/gcc/x86_64-unknown-linux-gnu/14.2.1/include/syslimits.h:7,
  cargo:warning=                 from /nix/store/qs54xir5n4vhhbi22aydbkvyyq4v8p0l-gcc-14.2.1.20250322/lib/gcc/x86_64-unknown-linux-gnu/14.2.1/include/limits.h:34,
  cargo:warning=                 from zstd/lib/dictBuilder/../common/zstd_deps.h:39,
  cargo:warning=                 from zstd/lib/dictBuilder/../common/mem.h:20,
  cargo:warning=                 from zstd/lib/dictBuilder/cover.c:42:
  cargo:warning=/nix/store/pz6jgrfqyl2il2785a75vmwdp9vypv0j-glibc-2.40-66-dev/include/features.h:422:4: warning: #warning _FORTIFY_SOURCE requires compiling with optimization (-O) [-Wcpp]
  cargo:warning=  422 | #  warning _FORTIFY_SOURCE requires compiling with optimization (-O)
  cargo:warning=      |    ^~~~~~~
  cargo:warning=zstd/lib/dictBuilder/cover.c: In function 'stableSort':
  cargo:warning=zstd/lib/dictBuilder/cover.c:332:5: error: implicit declaration of function 'qsort_r'; did you mean 'qsort'? [-Wimplicit-function-declaration]
  cargo:warning=  332 |     qsort_r(ctx->suffix, ctx->suffixSize, sizeof(U32),
  cargo:warning=      |     ^~~~~~~
  cargo:warning=      |     qsort
  exit status: 0
  exit status: 0
  exit status: 0
  exit status: 0
  exit status: 0
  exit status: 0
  exit status: 0
  exit status: 0
  exit status: 1
  cargo:warning=ToolExecError: command did not execute successfully (status code exit status: 1): LC_ALL="C" "/nix/store/f0m6caffiykyvsjim9376a3hx2yj2ghj-gcc-wrapper-14.2.1.20250322/bin/gcc" "-O0" "-ffunction-sections" "-fdata-sections" "-fno-exceptions" "-g" "-fno-omit-frame-pointer" "-I" "wasm-shim/" "-I" "zstd/lib/" "-I" "zstd/lib/common" "-I" "zstd/lib/legacy" "-fvisibility=hidden" "-ffunction-sections" "-fdata-sections" "-fmerge-all-constants" "-DZSTD_LIB_DEPRECATED=0" "-DXXH_PRIVATE_API=" "-DZSTDLIB_VISIBILITY=" "-DZDICTLIB_VISIBILITY=" "-DZSTDERRORLIB_VISIBILITY=" "-DZSTD_LEGACY_SUPPORT=1" "-o" "/home/ghuntley/code/cursed/target/wasm32-unknown-unknown/debug/build/zstd-sys-1754f35e64321b45/out/a6c81c75fc82913a-cover.o" "-c" "zstd/lib/dictBuilder/cover.c"cargo:warning=In file included from /nix/store/pz6jgrfqyl2il2785a75vmwdp9vypv0j-glibc-2.40-66-dev/include/bits/libc-header-start.h:33,
  cargo:warning=                 from /nix/store/pz6jgrfqyl2il2785a75vmwdp9vypv0j-glibc-2.40-66-dev/include/limits.h:26,
  cargo:warning=                 from /nix/store/qs54xir5n4vhhbi22aydbkvyyq4v8p0l-gcc-14.2.1.20250322/lib/gcc/x86_64-unknown-linux-gnu/14.2.1/include/limits.h:210,
  cargo:warning=                 from /nix/store/qs54xir5n4vhhbi22aydbkvyyq4v8p0l-gcc-14.2.1.20250322/lib/gcc/x86_64-unknown-linux-gnu/14.2.1/include/syslimits.h:7,
  cargo:warning=                 from /nix/store/qs54xir5n4vhhbi22aydbkvyyq4v8p0l-gcc-14.2.1.20250322/lib/gcc/x86_64-unknown-linux-gnu/14.2.1/include/limits.h:34,
  cargo:warning=                 from zstd/lib/dictBuilder/../common/zstd_deps.h:39,
  cargo:warning=                 from zstd/lib/dictBuilder/../common/mem.h:20,
  cargo:warning=                 from zstd/lib/dictBuilder/fastcover.c:23:
  cargo:warning=/nix/store/pz6jgrfqyl2il2785a75vmwdp9vypv0j-glibc-2.40-66-dev/include/features.h:422:4: warning: #warning _FORTIFY_SOURCE requires compiling with optimization (-O) [-Wcpp]
  cargo:warning=  422 | #  warning _FORTIFY_SOURCE requires compiling with optimization (-O)
  cargo:warning=      |    ^~~~~~~
  cargo:warning=In file included from /nix/store/pz6jgrfqyl2il2785a75vmwdp9vypv0j-glibc-2.40-66-dev/include/bits/libc-header-start.h:33,
  cargo:warning=                 from /nix/store/pz6jgrfqyl2il2785a75vmwdp9vypv0j-glibc-2.40-66-dev/include/limits.h:26,
  cargo:warning=                 from /nix/store/qs54xir5n4vhhbi22aydbkvyyq4v8p0l-gcc-14.2.1.20250322/lib/gcc/x86_64-unknown-linux-gnu/14.2.1/include/limits.h:210,
  cargo:warning=                 from /nix/store/qs54xir5n4vhhbi22aydbkvyyq4v8p0l-gcc-14.2.1.20250322/lib/gcc/x86_64-unknown-linux-gnu/14.2.1/include/syslimits.h:7,
  cargo:warning=                 from /nix/store/qs54xir5n4vhhbi22aydbkvyyq4v8p0l-gcc-14.2.1.20250322/lib/gcc/x86_64-unknown-linux-gnu/14.2.1/include/limits.h:34,
  cargo:warning=                 from zstd/lib/dictBuilder/../common/zstd_deps.h:39,
  cargo:warning=                 from zstd/lib/dictBuilder/../common/mem.h:20,
  cargo:warning=                 from zstd/lib/dictBuilder/zdict.c:48:
  cargo:warning=/nix/store/pz6jgrfqyl2il2785a75vmwdp9vypv0j-glibc-2.40-66-dev/include/features.h:422:4: warning: #warning _FORTIFY_SOURCE requires compiling with optimization (-O) [-Wcpp]
  cargo:warning=  422 | #  warning _FORTIFY_SOURCE requires compiling with optimization (-O)
  cargo:warning=      |    ^~~~~~~
  cargo:warning=In file included from /nix/store/pz6jgrfqyl2il2785a75vmwdp9vypv0j-glibc-2.40-66-dev/include/bits/libc-header-start.h:33,
  cargo:warning=                 from /nix/store/pz6jgrfqyl2il2785a75vmwdp9vypv0j-glibc-2.40-66-dev/include/limits.h:26,
  cargo:warning=                 from /nix/store/qs54xir5n4vhhbi22aydbkvyyq4v8p0l-gcc-14.2.1.20250322/lib/gcc/x86_64-unknown-linux-gnu/14.2.1/include/limits.h:210,
  cargo:warning=                 from /nix/store/qs54xir5n4vhhbi22aydbkvyyq4v8p0l-gcc-14.2.1.20250322/lib/gcc/x86_64-unknown-linux-gnu/14.2.1/include/syslimits.h:7,
  cargo:warning=                 from /nix/store/qs54xir5n4vhhbi22aydbkvyyq4v8p0l-gcc-14.2.1.20250322/lib/gcc/x86_64-unknown-linux-gnu/14.2.1/include/limits.h:34,
  cargo:warning=                 from zstd/lib/legacy/../common/zstd_deps.h:39,
  cargo:warning=                 from zstd/lib/legacy/../common/error_private.h:22,
  cargo:warning=                 from zstd/lib/legacy/zstd_v01.c:18:
  cargo:warning=/nix/store/pz6jgrfqyl2il2785a75vmwdp9vypv0j-glibc-2.40-66-dev/include/features.h:422:4: warning: #warning _FORTIFY_SOURCE requires compiling with optimization (-O) [-Wcpp]
  cargo:warning=  422 | #  warning _FORTIFY_SOURCE requires compiling with optimization (-O)
  cargo:warning=      |    ^~~~~~~
  cargo:warning=In file included from /nix/store/pz6jgrfqyl2il2785a75vmwdp9vypv0j-glibc-2.40-66-dev/include/bits/libc-header-start.h:33,
  cargo:warning=                 from /nix/store/pz6jgrfqyl2il2785a75vmwdp9vypv0j-glibc-2.40-66-dev/include/limits.h:26,
  cargo:warning=                 from /nix/store/qs54xir5n4vhhbi22aydbkvyyq4v8p0l-gcc-14.2.1.20250322/lib/gcc/x86_64-unknown-linux-gnu/14.2.1/include/limits.h:210,
  cargo:warning=                 from /nix/store/qs54xir5n4vhhbi22aydbkvyyq4v8p0l-gcc-14.2.1.20250322/lib/gcc/x86_64-unknown-linux-gnu/14.2.1/include/syslimits.h:7,
  cargo:warning=                 from /nix/store/qs54xir5n4vhhbi22aydbkvyyq4v8p0l-gcc-14.2.1.20250322/lib/gcc/x86_64-unknown-linux-gnu/14.2.1/include/limits.h:34,
  cargo:warning=                 from zstd/lib/legacy/../common/zstd_deps.h:39,
  cargo:warning=                 from zstd/lib/legacy/../common/error_private.h:22,
  cargo:warning=                 from zstd/lib/legacy/zstd_v02.c:15:
  cargo:warning=/nix/store/pz6jgrfqyl2il2785a75vmwdp9vypv0j-glibc-2.40-66-dev/include/features.h:422:4: warning: #warning _FORTIFY_SOURCE requires compiling with optimization (-O) [-Wcpp]
  cargo:warning=  422 | #  warning _FORTIFY_SOURCE requires compiling with optimization (-O)
  cargo:warning=      |    ^~~~~~~
  cargo:warning=In file included from /nix/store/pz6jgrfqyl2il2785a75vmwdp9vypv0j-glibc-2.40-66-dev/include/bits/libc-header-start.h:33,
  cargo:warning=                 from /nix/store/pz6jgrfqyl2il2785a75vmwdp9vypv0j-glibc-2.40-66-dev/include/limits.h:26,
  cargo:warning=                 from /nix/store/qs54xir5n4vhhbi22aydbkvyyq4v8p0l-gcc-14.2.1.20250322/lib/gcc/x86_64-unknown-linux-gnu/14.2.1/include/limits.h:210,
  cargo:warning=                 from /nix/store/qs54xir5n4vhhbi22aydbkvyyq4v8p0l-gcc-14.2.1.20250322/lib/gcc/x86_64-unknown-linux-gnu/14.2.1/include/syslimits.h:7,
  cargo:warning=                 from /nix/store/qs54xir5n4vhhbi22aydbkvyyq4v8p0l-gcc-14.2.1.20250322/lib/gcc/x86_64-unknown-linux-gnu/14.2.1/include/limits.h:34,
  cargo:warning=                 from zstd/lib/legacy/../common/zstd_deps.h:39,
  cargo:warning=                 from zstd/lib/legacy/../common/error_private.h:22,
  cargo:warning=                 from zstd/lib/legacy/zstd_v03.c:15:
  cargo:warning=/nix/store/pz6jgrfqyl2il2785a75vmwdp9vypv0j-glibc-2.40-66-dev/include/features.h:422:4: warning: #warning _FORTIFY_SOURCE requires compiling with optimization (-O) [-Wcpp]
  cargo:warning=  422 | #  warning _FORTIFY_SOURCE requires compiling with optimization (-O)
  cargo:warning=      |    ^~~~~~~
  cargo:warning=In file included from /nix/store/pz6jgrfqyl2il2785a75vmwdp9vypv0j-glibc-2.40-66-dev/include/bits/libc-header-start.h:33,
  cargo:warning=                 from /nix/store/pz6jgrfqyl2il2785a75vmwdp9vypv0j-glibc-2.40-66-dev/include/limits.h:26,
  cargo:warning=                 from /nix/store/qs54xir5n4vhhbi22aydbkvyyq4v8p0l-gcc-14.2.1.20250322/lib/gcc/x86_64-unknown-linux-gnu/14.2.1/include/limits.h:210,
  cargo:warning=                 from /nix/store/qs54xir5n4vhhbi22aydbkvyyq4v8p0l-gcc-14.2.1.20250322/lib/gcc/x86_64-unknown-linux-gnu/14.2.1/include/syslimits.h:7,
  cargo:warning=                 from /nix/store/qs54xir5n4vhhbi22aydbkvyyq4v8p0l-gcc-14.2.1.20250322/lib/gcc/x86_64-unknown-linux-gnu/14.2.1/include/limits.h:34,
  cargo:warning=                 from zstd/lib/legacy/../common/zstd_deps.h:39,
  cargo:warning=                 from zstd/lib/legacy/../common/error_private.h:22,
  cargo:warning=                 from zstd/lib/legacy/zstd_v04.c:20:
  cargo:warning=/nix/store/pz6jgrfqyl2il2785a75vmwdp9vypv0j-glibc-2.40-66-dev/include/features.h:422:4: warning: #warning _FORTIFY_SOURCE requires compiling with optimization (-O) [-Wcpp]
  cargo:warning=  422 | #  warning _FORTIFY_SOURCE requires compiling with optimization (-O)
  cargo:warning=      |    ^~~~~~~
  cargo:warning=In file included from /nix/store/pz6jgrfqyl2il2785a75vmwdp9vypv0j-glibc-2.40-66-dev/include/bits/libc-header-start.h:33,
  cargo:warning=                 from /nix/store/pz6jgrfqyl2il2785a75vmwdp9vypv0j-glibc-2.40-66-dev/include/limits.h:26,
  cargo:warning=                 from /nix/store/qs54xir5n4vhhbi22aydbkvyyq4v8p0l-gcc-14.2.1.20250322/lib/gcc/x86_64-unknown-linux-gnu/14.2.1/include/limits.h:210,
  cargo:warning=                 from /nix/store/qs54xir5n4vhhbi22aydbkvyyq4v8p0l-gcc-14.2.1.20250322/lib/gcc/x86_64-unknown-linux-gnu/14.2.1/include/syslimits.h:7,
  cargo:warning=                 from /nix/store/qs54xir5n4vhhbi22aydbkvyyq4v8p0l-gcc-14.2.1.20250322/lib/gcc/x86_64-unknown-linux-gnu/14.2.1/include/limits.h:34,
  cargo:warning=                 from zstd/lib/legacy/../common/zstd_deps.h:39,
  cargo:warning=                 from zstd/lib/legacy/../common/mem.h:20,
  cargo:warning=                 from zstd/lib/legacy/zstd_v05.h:22,
  cargo:warning=                 from zstd/lib/legacy/zstd_v05.c:13:
  cargo:warning=/nix/store/pz6jgrfqyl2il2785a75vmwdp9vypv0j-glibc-2.40-66-dev/include/features.h:422:4: warning: #warning _FORTIFY_SOURCE requires compiling with optimization (-O) [-Wcpp]
  cargo:warning=  422 | #  warning _FORTIFY_SOURCE requires compiling with optimization (-O)
  cargo:warning=      |    ^~~~~~~
  cargo:warning=In file included from /nix/store/pz6jgrfqyl2il2785a75vmwdp9vypv0j-glibc-2.40-66-dev/include/bits/libc-header-start.h:33,
  cargo:warning=                 from /nix/store/pz6jgrfqyl2il2785a75vmwdp9vypv0j-glibc-2.40-66-dev/include/limits.h:26,
  cargo:warning=                 from /nix/store/qs54xir5n4vhhbi22aydbkvyyq4v8p0l-gcc-14.2.1.20250322/lib/gcc/x86_64-unknown-linux-gnu/14.2.1/include/limits.h:210,
  cargo:warning=                 from /nix/store/qs54xir5n4vhhbi22aydbkvyyq4v8p0l-gcc-14.2.1.20250322/lib/gcc/x86_64-unknown-linux-gnu/14.2.1/include/syslimits.h:7,
  cargo:warning=                 from /nix/store/qs54xir5n4vhhbi22aydbkvyyq4v8p0l-gcc-14.2.1.20250322/lib/gcc/x86_64-unknown-linux-gnu/14.2.1/include/limits.h:34,
  cargo:warning=                 from zstd/lib/legacy/../common/zstd_deps.h:39,
  cargo:warning=                 from zstd/lib/legacy/../common/error_private.h:22,
  cargo:warning=                 from zstd/lib/legacy/zstd_v06.c:18:
  cargo:warning=/nix/store/pz6jgrfqyl2il2785a75vmwdp9vypv0j-glibc-2.40-66-dev/include/features.h:422:4: warning: #warning _FORTIFY_SOURCE requires compiling with optimization (-O) [-Wcpp]
  cargo:warning=  422 | #  warning _FORTIFY_SOURCE requires compiling with optimization (-O)
  cargo:warning=      |    ^~~~~~~
  cargo:warning=In file included from /nix/store/pz6jgrfqyl2il2785a75vmwdp9vypv0j-glibc-2.40-66-dev/include/bits/libc-header-start.h:33,
  cargo:warning=                 from /nix/store/pz6jgrfqyl2il2785a75vmwdp9vypv0j-glibc-2.40-66-dev/include/stdint.h:26,
  cargo:warning=                 from /nix/store/qs54xir5n4vhhbi22aydbkvyyq4v8p0l-gcc-14.2.1.20250322/lib/gcc/x86_64-unknown-linux-gnu/14.2.1/include/stdint.h:9,
  cargo:warning=                 from zstd/lib/legacy/../common/xxhash.h:583,
  cargo:warning=                 from zstd/lib/legacy/zstd_v07.c:20:
  cargo:warning=/nix/store/pz6jgrfqyl2il2785a75vmwdp9vypv0j-glibc-2.40-66-dev/include/features.h:422:4: warning: #warning _FORTIFY_SOURCE requires compiling with optimization (-O) [-Wcpp]
  cargo:warning=  422 | #  warning _FORTIFY_SOURCE requires compiling with optimization (-O)
  cargo:warning=      |    ^~~~~~~

  exit status: 0
  exit status: 0
  exit status: 0
  exit status: 0
  exit status: 0
  exit status: 0
  exit status: 0
  exit status: 0
  exit status: 0
  exit status: 0
  exit status: 0
  exit status: 0
  exit status: 0
  exit status: 0
  exit status: 0
  exit status: 0
  exit status: 0
  exit status: 0
  exit status: 0
  exit status: 0

  --- stderr


  error occurred in cc-rs: command did not execute successfully (status code exit status: 1): LC_ALL="C" "/nix/store/f0m6caffiykyvsjim9376a3hx2yj2ghj-gcc-wrapper-14.2.1.20250322/bin/gcc" "-O0" "-ffunction-sections" "-fdata-sections" "-fno-exceptions" "-g" "-fno-omit-frame-pointer" "-I" "wasm-shim/" "-I" "zstd/lib/" "-I" "zstd/lib/common" "-I" "zstd/lib/legacy" "-fvisibility=hidden" "-ffunction-sections" "-fdata-sections" "-fmerge-all-constants" "-DZSTD_LIB_DEPRECATED=0" "-DXXH_PRIVATE_API=" "-DZSTDLIB_VISIBILITY=" "-DZDICTLIB_VISIBILITY=" "-DZSTDERRORLIB_VISIBILITY=" "-DZSTD_LEGACY_SUPPORT=1" "-o" "/home/ghuntley/code/cursed/target/wasm32-unknown-unknown/debug/build/zstd-sys-1754f35e64321b45/out/a6c81c75fc82913a-cover.o" "-c" "zstd/lib/dictBuilder/cover.c"


